Cluster 0
	DOC-64_1.1	1	CHIEF_EXECUTIVE
	DOC-65_1.3	4	CHAIRMAN
	DOC-66_1.2	4	CHAIRMAN
	DOC-67_1.3	4	CHAIRMAN
	DOC-68_1.4	1	CHIEF_EXECUTIVE_OFFICER
	DOC-69_1.2	4	CHAIRMAN
	DOC-70_1.2	1	CHAIRMAN
	DOC-70_1.5	4	PRESIDENT
	DOC-71_1.2	1	VICE_PRESIDENT_OF_MERCHANDISE_AND_MARKETING
	DOC-72_1.1	1	CHAIRMAN_AND_CHIEF_EXECUTIVE
	DOC-72_1.5	4	VICE_CHAIRMAN
	DOC-73_1.1	4	CHAIRMAN_AND_CHIEF_EXECUTIVE
	DOC-74_1.3	1	PRESIDENT_AND_CHIEF_OPERATING_OFFICER
	DOC-76_1.2	4	CONTROLLER
	DOC-78_1.2	4	PRESIDENT_AND_CHIEF_EXECUTIVE_OFFICER
	DOC-79_1.1	4	CHIEF_EXECUTIVE
	DOC-79_1.3	1	CHAIRMAN
	DOC-80_1.2	4	PRESIDENT_AND_CHIEF_EXECUTIVE
	DOC-81_1.2	4	PRESIDENT_AND_CHIEF_OPERATING_OFFICER
	DOC-82_1.2	4	PRESIDENT_AND_CHIEF_OPERATING_OFFICER
	DOC-83_1.5	1	CHAIRMAN
	DOC-84_1.2	4	CHIEF_EXECUTIVE_OFFICER
	DOC-85_1.2	4	CO-CHIEF
	DOC-85_1.4	4	CO-CHIEF
	DOC-85_1.5	4	CHAIRMAN
	DOC-88_1.3	1	VICE_CHAIRMAN_,_PRESIDENT_AND_CHIEF_OPERATING_OFFICER
	DOC-89_1.3	4	CHAIRMAN_AND_CHIEF_EXECUTIVE_OFFICER
	DOC-90_1.2	4	EXECUTIVE_VICE_PRESIDENT
	DOC-90_1.3	4	CHAIRMAN
	DOC-91_1.2	1	PRESIDENT
	DOC-91_1.4	4	CHIEF_EXECUTIVE_OFFICER
	DOC-92_1.2	1	HEAD
	DOC-94_1.2	4	CHIEF_FINANCIAL_OFFICER
	DOC-94_1.3	4	FINANCE_DIRECTOR
	DOC-95_1.4	1	CHAIRMAN
	DOC-96_1.3	4	CHAIRMAN_AND_CHIEF_EXECUTIVE_OFFICER
	DOC-97_1.4	4	FINANCE_CHIEF
	DOC-98_1.2	1	PRESIDENT_AND_CHIEF_OPERATING_OFFICER
	DOC-98_1.3	4	CHIEF_EXECUTIVE
	DOC-100_1.2	4	CHAIRMAN
	DOC-105_1.3	4	PRESIDENT
	DOC-105_1.6	4	PRESIDENT_AND_CHIEF_OPERATING_OFFICER
	DOC-106_1.4	4	PRESIDENT_,_INFORMATION_SERVICES_GROUP
	DOC-108_1.2	4	PRESIDENT
	DOC-109_1.3	4	CHAIRMAN_AND_CHIEF_EXECUTIVE_OFFICER
	DOC-110_1.1	1	CHIEF_EXECUTIVE_OFFICER
	DOC-112_1.2	1	CHAIRMAN_AND_CHIEF_EXECUTIVE_OFFICER
	DOC-112_1.3	4	PRESIDENT
	DOC-113_1.3	4	CHAIRMAN
	DOC-113_1.6	4	EXECUTIVE_VICE_PRESIDENT_AND_CHIEF_FINANCIAL_OFFICER
	DOC-114_1.1	4	VICE_CHAIRMAN
	DOC-114_1.4	4	CHAIRMAN
	DOC-115_1.4	4	EXECUTIVE_VICE_PRESIDENT
	DOC-118_1.3	4	CHIEF_FINANCIAL_OFFICER
	DOC-119_1.1	4	CHAIRMAN
	DOC-122_1.2	1	PRESIDENT
	DOC-123_1.2	4	CHAIRMAN
	DOC-124_1.2	4	CHIEF_FINANCIAL_OFFICER
	DOC-125_1.3	4	PRESIDENT
	DOC-126_1.2	1	CHIEF_FINANCIAL_OFFICER
	DOC-128_1.3	4	CHAIRMAN_AND_CHIEF_EXECUTIVE
	DOC-136_1.2	4	VICE_CHAIRMAN
	DOC-137_1.2	4	VICE_CHAIRMAN
	DOC-138_1.3	4	SENIOR_EXECUTIVE_VICE_PRESIDENT_,_OPERATIONS_AND_FINANCE
	DOC-139_1.2	1	PRESIDENT_AND_CHIEF_EXECUTIVE
	DOC-139_1.4	4	PRESIDENT_AND_CHIEF_OPERATING_OFFICER
	DOC-141_1.1	4	PRESIDENT
	DOC-142_1.3	4	PRESIDENT
	DOC-143_1.2	1	CHIEF_EXECUTIVE_OFFICER
	DOC-143_1.4	1	PRESIDENT_OF_THE_RETAILER
	DOC-144_1.3	1	CHIEF_OPERATING_OFFICER
	DOC-145_1.2	4	CHAIRMAN_AND_CHIEF_EXECUTIVE_OFFICER
	DOC-146_1.2	1	PRESIDENT
	DOC-152_1.2	1	SENIOR_VICE_PRESIDENT
	DOC-155_1.2	4	CHIEF_FINANCIAL_OFFICER
	DOC-155_1.3	1	VICE_PRESIDENTS
	DOC-156_1.2	1	CHAIRMAN
	DOC-156_1.4	4	CHAIRMAN_AND_CHIEF_EXECUTIVE_OFFICER
	DOC-157_1.2	1	SENIOR_VICE_PRESIDENT
	DOC-157_1.4	1	PRESIDENT
	DOC-157_1.7	4	PRESIDENT_AND_CHIEF_OPERATING_OFFICER
	DOC-158_1.3	1	VICE_PRESIDENT_AND_PRESIDENT
	DOC-158_1.5	4	PRESIDENT_AND_CHIEF_OPERATING_OFFICER
	DOC-159_1.2	1	PRESIDENT_AND_CHIEF_EXECUTIVE_OFFICER
	DOC-159_1.4	4	CHAIRMAN_AND_CEO
	DOC-161_1.2	1	PRESIDENT_AND_CHIEF_OPERATING_OFFICER
	DOC-161_1.3	4	CHIEF_EXECUTIVE
	DOC-162_1.3	4	PRESIDENT
	DOC-165_1.3	4	VICE_PRESIDENT_AND_TREASURER
	DOC-168_1.1	1	CHAIRMAN_AND_CHIEF_EXECUTIVE
	DOC-169_1.3	1	SENIOR_VICE_PRESIDENT_OF_FINANCE
	DOC-169_1.4	4	CHIEF_FINANCIAL_OFFICER
	DOC-172_1.2	4	PRESIDENT
	DOC-173_1.1	1	CHIEF_EXECUTIVE_OFFICER
	DOC-173_1.3	4	PRESIDENCY
	DOC-174_1.2	1	PRESIDENT_AND_CHIEF_EXECUTIVE
	DOC-175_1.2	1	PRESIDENT_AND_CHIEF_EXECUTIVE_OFFICER
	DOC-176_1.2	4	VICE_CHAIRMAN
	DOC-177_1.5	4	PRESIDENT
	DOC-178_1.2	4	CHAIRMAN_AND_CHIEF_EXECUTIVE
	DOC-180_1.1	4	CHIEF_EXECUTIVE_OFFICER
	DOC-180_1.3	4	FINANCIAL_OFFICER
	DOC-180_1.5	4	EXECUTIVE_VICE_PRESIDENTS
	DOC-183_1.2	4	CHAIRMAN
	DOC-184_1.2	1	PRESIDENT
	DOC-185_1.3	4	CHAIRMAN
	DOC-186_1.3	4	CHAIRMAN_AND_CHIEF_EXECUTIVE_OFFICER
	DOC-189_1.2	1	PRESIDENT_AND_CHIEF_EXECUTIVE_OFFICER
	DOC-190_1.2	4	VICE_PRESIDENT_,_OPERATIONS
	DOC-195_1.2	4	PRESIDENT
	DOC-196_1.3	1	CHAIRMAN_AND_CHIEF_EXECUTIVE_OFFICER
	DOC-200_1.3	1	MANAGING_DIRECTOR
	DOC-201_1.3	4	CHAIRMAN
	DOC-204_1.3	4	SENIOR_VICE_PRESIDENT_OF_THE_PSYCHIATRIC_GROUP
	DOC-205_1.2	4	PRESIDENT
	DOC-205_1.4	4	EXECUTIVE_VICE_PRESIDENT
	DOC-206_1.2	4	CHAIRMAN
	DOC-207_1.3	1	PRESIDENT_AND_CHIEF_EXECUTIVE_OFFICER
	DOC-207_1.4	4	CHAIRMAN
	DOC-210_1.2	4	PRESIDENT_AND_CHIEF_OPERATING_OFFICER
	DOC-211_1.2	4	CHAIRMAN_AND_CHIEF_EXECUTIVE_OFFICER
	DOC-211_1.4	4	VICE_CHAIRMAN
	DOC-213_1.1	1	VICE_CHAIRMAN
	DOC-215_1.2	4	VICE_PRESIDENT_,_TOTAL_QUALITY_MANAGEMENT
	DOC-216_1.2	4	PRESIDENT_,_CHIEF_INVESTMENT_OFFICER
	DOC-217_1.2	4	PRESIDENT
	DOC-218_1.3	1	EXECUTIVE_VICE_PRESIDENT
	DOC-219_1.5	1	CHAIRMAN_AND_CHIEF_EXECUTIVE_OFFICER
	DOC-220_1.2	4	PRESIDENT
	DOC-223_1.2	4	VICE_PRESIDENT
	DOC-224_1.2	4	SENIOR_VICE_PRESIDENT_AND_CHIEF_FINANCIAL_OFFICER
	DOC-225_1.3	4	CHAIRMAN
	DOC-227_1.2	4	CHIEF_EXECUTIVE_OFFICER
	DOC-231_1.4	4	CHIEF_FINANCIAL_OFFICER
	DOC-232_1.2	4	SENIOR_VICE_PRESIDENT_OF_THE_COMPANY'S_PIPELINE_DIVISION
	DOC-233_1.2	4	TREASURER_AND_SENIOR_VICE_PRESIDENT_,_FINANCE
	DOC-235_1.2	4	VICE_PRESIDENT
	DOC-235_1.5	4	VICE_PRESIDENT
	DOC-236_1.2	4	SENIOR_VICE_PRESIDENT_,_NUCLEAR_OPERATIONS
	DOC-237_1.2	1	VICE_PRESIDENT_AND_TREASURER
	DOC-238_1.2	4	MANAGING_DIRECTOR_OF_THIS_HOTEL_GROUP
	DOC-239_1.3	4	CHAIRMAN
	DOC-240_1.2	1	EXECUTIVE_VICE_PRESIDENT_AND_CHIEF_OPERATING_OFFICER
	DOC-242_1.2	4	SENIOR_VICE_PRESIDENT
	DOC-243_1.2	4	VICE_PRESIDENT
	DOC-245_1.2	4	PRESIDENT_AND_CHIEF_OPERATING_OFFICER
	DOC-246_1.2	4	CHAIRMAN_AND_CHIEF_EXECUTIVE_OFFICER
	DOC-247_1.2	1	EXECUTIVE_VICE_PRESIDENT_,_CORPORATE_SERVICES_GROUP
	DOC-248_1.4	4	PRESIDENT
	DOC-249_1.2	1	EXECUTIVE_VICE_PRESIDENT
	DOC-251_1.1	4	CHAIRMAN
	DOC-252_1.3	1	VICE_PRESIDENT_,_CORPORATE_REAL_ESTATE
	DOC-256_1.2	4	SENIOR_VICE_PRESIDENT
	DOC-257_1.3	4	VICE_PRESIDENT
	DOC-259_1.2	4	CHAIRMAN
	DOC-260_1.3	1	CHIEF_FINANCIAL_OFFICER
	DOC-260_1.4	1	CHAIRMAN
	DOC-261_1.3	4	CHAIRMAN_AND_CHIEF_EXECUTIVE_OFFICER
	DOC-262_1.2	4	PRESIDENT_AND_CHAIRMAN
	DOC-263_1.1	4	CHAIRMAN_AND_CHIEF_EXECUTIVE_OFFICER
	DOC-265_1.2	4	SENIOR_VICE_PRESIDENT_AND_CHIEF_FINANCIAL_OFFICER
	DOC-268_1.3	1	CHAIRMAN_AND_CO-CHIEF
	DOC-268_1.4	4	PRESIDENT
	DOC-269_1.3	4	PRESIDENT_AND_CHIEF_EXECUTIVE
	DOC-270_1.4	4	PRESIDENT
	DOC-270_1.5	4	CHIEF_EXECUTIVE
	DOC-273_1.2	4	TREASURER
	DOC-276_1.3	1	CHAIRMAN
	DOC-278_1.2	4	VICE_CHAIRMAN
	DOC-278_1.5	4	PRESIDENT_AND_CHIEF_EXECUTIVE_OFFICER
	DOC-280_1.2	1	CHAIRMAN_AND_CHIEF_EXECUTIVE_OFFICER
	DOC-280_1.3	4	PRESIDENT
	DOC-281_1.2	4	PRESIDENT
	DOC-282_1.3	4	CHAIRMAN
	DOC-282_1.4	4	CHIEF_EXECUTIVE_OFFICER
	DOC-283_1.2	4	CHIEF_EXECUTIVE
	DOC-284_1.2	4	CHIEF_FINANCIAL_OFFICER
	DOC-285_1.2	4	PRESIDENT
	DOC-285_1.4	4	TREASURER
	DOC-286_1.2	1	CHAIRMAN_AND_CHIEF_EXECUTIVE_OFFICER
	DOC-286_1.3	4	PRESIDENT
	DOC-287_1.3	4	VICE_CHAIRMAN
	DOC-289_1.3	1	SENIOR_EXECUTIVE_VICE_PRESIDENT
	DOC-291_1.3	4	HEAD
	DOC-293_1.2	1	EXECUTIVE_VICE_PRESIDENT
	DOC-295_1.2	4	CHAIRMAN_AND_CHIEF_EXECUTIVE_OFFICER
	DOC-299_1.2	1	VICE_PRESIDENT
	DOC-304_1.2	4	PRESIDENT_,_FOOD_GROUP_,_CANADA
	DOC-306_1.2	1	CHAIRMAN_AND_CHIEF_EXECUTIVE_OFFICER
	DOC-308_1.1	4	CHAIRMAN
	DOC-313_1.3	4	PRESIDENT
	DOC-314_1.2	4	CHAIRMAN
	DOC-315_1.2	4	CHIEF_FINANCIAL_OFFICER
	DOC-316_1.2	1	VICE_PRESIDENT_,_MANUFACTURING
	DOC-318_1.3	4	EXECUTIVE_VICE_PRESIDENT_FOR_CONSUMER_OPERATIONS_AND_A_DIRECTOR
	DOC-320_1.4	4	CO-HEAD_OF_MERGERS_AND_ACQUISITIONS
	DOC-321_1.4	4	MANAGING_DIRECTOR
	DOC-322_1.2	4	MANAGING_DIRECTOR
	DOC-323_1.3	4	PRESIDENT_AND_CHIEF_EXECUTIVE_OFFICER
	DOC-324_1.2	4	CHAIRMAN
	DOC-325_1.2	4	SENIOR_VICE_PRESIDENT
	DOC-328_1.2	4	CHAIRMAN
	DOC-329_1.2	4	SENIOR_VICE_PRESIDENT
	DOC-331_1.3	4	SENIOR_VICE_PRESIDENT
	DOC-331_1.5	4	PRESIDENT
	DOC-334_1.2	4	SENIOR_VICE_PRESIDENT
	DOC-335_1.2	1	PRESIDENT
	DOC-339_1.3	4	PRESIDENT
	DOC-340_1.2	4	CHAIRMAN_,_PRESIDENT_AND_CHIEF_EXECUTIVE_OFFICER
	DOC-343_1.4	1	PRESIDENT_FOR_THE_PAST_EIGHT_YEARS
	DOC-344_1.2	4	EXECUTIVE_DIRECTOR
	DOC-346_1.2	4	EXECUTIVE_VICE_PRESIDENT
	DOC-348_1.2	1	VICE_CHAIRMAN
	DOC-348_1.3	4	CHAIRMAN
	DOC-349_1.3	1	EXECUTIVE_VICE_PRESIDENT
	DOC-350_1.3	1	SENIOR_VICE_PRESIDENT_FOR_MARKET_OPERATIONS
	DOC-352_1.2	1	CHAIRMAN_AND_CHIEF_EXECUTIVE_OFFICER
	DOC-352_1.3	4	PRESIDENT
	DOC-353_1.3	4	PRESIDENT
	DOC-353_1.4	1	CHIEF_EXECUTIVE_OFFICER
	DOC-356_1.2	4	PRESIDENT
	DOC-360_1.2	4	PRESIDENT_AND_CHIEF_EXECUTIVE_OFFICER
	DOC-362_1.2	4	VICE_PRESIDENT_AND_GENERAL_MANAGER
	DOC-364_1.2	4	VICE_PRESIDENT_OF_FINANCE_AND_CHIEF_FINANCIAL_OFFICER
	DOC-365_1.3	4	CHAIRMAN_AND_CHIEF_EXECUTIVE_OFFICER
	DOC-365_1.5	4	VICE_CHAIRMAN_AND_PRESIDENT
	DOC-366_1.1	1	CHIEF_FINANCIAL_OFFICER
	DOC-369_1.2	4	CHAIRMAN_AND_PRESIDENT
	DOC-374_1.3	4	VICE_PRESIDENT_,_POLYMER_PRODUCTS
	DOC-376_1.2	1	CHIEF_EXECUTIVE_OFFICER
	DOC-377_1.2	4	PRESIDENT
	DOC-379_1.3	4	PRESIDENT
	DOC-380_1.2	4	PRESIDENT
	DOC-382_1.3	4	PRESIDENT
	DOC-384_1.3	1	CHAIRMAN
	DOC-385_1.3	1	CHIEF_EXECUTIVE
	DOC-388_1.2	4	MANAGING_DIRECTOR
	DOC-390_1.2	4	PRESIDENT
	DOC-391_1.2	4	CHAIRMAN
	DOC-395_1.2	4	SENIOR_VICE_PRESIDENT
	DOC-399_1.1	1	INTERIM_PRESIDENT
	DOC-400_1.3	4	SENIOR_EXECUTIVE_VICE_PRESIDENT
	DOC-402_1.2	4	VICE_CHAIRMAN
	DOC-403_1.2	1	VICE_PRESIDENT
	DOC-403_1.3	4	CHAIRMAN
	DOC-405_1.2	4	VICE_PRESIDENT
	DOC-407_1.2	1	VICE_PRESIDENT_,_BUSINESS_DEVELOPMENT
	DOC-409_1.3	1	CHAIRMAN_AND_CHIEF_EXECUTIVE_OFFICER
	DOC-412_1.2	4	SENIOR_VICE_PRESIDENT_AND_GENERAL_MANAGER
	DOC-413_1.2	1	VICE_PRESIDENT_,_MARKETING
	DOC-414_1.2	4	EXECUTIVE_VICE_PRESIDENT_,_FINANCE
	DOC-414_1.4	4	EXECUTIVE_VICE_PRESIDENT
	DOC-415_1.3	4	MANAGING_DIRECTOR_AND_SENIOR_VICE_PRESIDENT
	DOC-418_1.2	4	MANAGING_DIRECTOR
	DOC-419_1.2	4	VICE_PRESIDENT_OF_MANUFACTURING_AND_OPERATIONS
	DOC-419_1.4	4	VICE_PRESIDENT_OF_PERSONNEL
	DOC-423_1.2	4	PRESIDENCY
	DOC-423_1.4	1	CHAIRMAN
	DOC-425_1.2	4	CHIEF_EXECUTIVE_OFFICER
	DOC-426_1.2	4	VICE_PRESIDENT_AND_GENERAL_MANAGER
	DOC-427_1.3	4	PRESIDENT_AND_CHIEF_OPERATING_OFFICER
	DOC-430_1.2	4	CHAIRMAN
	DOC-432_1.2	4	VICE_PRESIDENT
	DOC-434_1.3	4	PRESIDENT_AND_CHIEF_EXECUTIVE_OFFICER
	DOC-434_1.8	1	PRESIDENT
	DOC-438_1.2	4	PRESIDENT
	DOC-440_1.2	4	VICE_PRESIDENT
	DOC-442_1.2	4	EXECUTIVE_VICE_PRESIDENT
	DOC-445_1.2	4	VICE_PRESIDENT_AND_GENERAL_MANAGER
	DOC-446_1.2	4	VICE_PRESIDENT
	DOC-446_1.5	4	CHAIRMAN
	DOC-447_1.2	1	SENIOR_VICE_PRESIDENT
	DOC-448_1.2	1	VICE_PRESIDENT
	DOC-449_1.3	4	VICE_CHAIRMAN
	DOC-450_1.2	4	MANAGING_DIRECTOR
	DOC-451_1.2	1	CHIEF_FINANCIAL_OFFICER
	DOC-451_1.3	4	EXECUTIVE_VICE_PRESIDENT
	DOC-452_1.2	1	EXECUTIVE_VICE_PRESIDENT
	DOC-453_1.2	4	FINANCE_DIRECTOR
	DOC-453_1.4	4	FINANCE_DIRECTOR
	DOC-454_1.3	4	VICE_CHAIRMAN
	DOC-455_1.2	4	CHAIRMAN
	DOC-457_1.3	4	CHIEF_EXECUTIVE
	DOC-463_1.2	4	VICE-PRESIDENT
	DOC-464_1.2	4	CHAIRMAN_AND_CHIEF_EXECUTIVE
	DOC-466_1.2	4	PRESIDENT_AND_CHIEF_OPERATING_OFFICER
	DOC-468_1.3	4	CHIEF_EXECUTIVE_OFFICER
	DOC-469_1.2	4	MANAGING_DIRECTOR
	DOC-470_1.1	4	CHAIRMAN
	DOC-471_1.2	4	SENIOR_VICE_PRESIDENT
	DOC-473_1.3	1	CHAIRMAN_AND_CHAIRMAN
	DOC-474_1.2	4	PRESIDENT_AND_CHIEF_OPERATING_OFFICER
	DOC-475_1.1	4	INTERIM_PRESIDENT_AND_CHIEF_EXECUTIVE_OFFICER
	DOC-476_1.2	4	EXECUTIVE_VICE_PRESIDENT_AND_CHIEF_OPERATING_OFFICER
	DOC-477_1.3	4	CHAIRMAN
	DOC-479_1.2	4	VICE_CHAIRMAN
	DOC-480_1.2	4	VICE_PRESIDENT
	DOC-482_1.2	1	CHAIRMAN
	DOC-483_1.2	4	EXECUTIVE_VICE_PRESIDENT
	DOC-484_1.2	4	EXECUTIVE_VICE_PRESIDENT
	DOC-485_1.2	4	CHAIRMAN_,_CHIEF_EXECUTIVE_AND_PRESIDENT
	DOC-488_1.2	4	PRESIDENT_AND_CHIEF_OPERATING_OFFICER
	DOC-489_1.1	1	PRESIDENT_AND_CHIEF_EXECUTIVE
	DOC-491_1.3	4	GENERAL_MANAGER
	DOC-492_1.3	1	FINANCE_DIRECTOR
	DOC-493_1.2	1	DEPUTY_GENERAL_MANAGER
	DOC-496_1.2	4	PRESIDENT_AND_CHIEF_OPERATING_OFFICER
	DOC-496_1.4	1	VICE_PRESIDENT_,_INDUSTRIAL_RELATIONS_WORLD-WIDE
	DOC-497_1.2	1	VICE_PRESIDENT_,_MARKETING
	DOC-499_1.2	4	VICE_CHAIRMAN_AND_CHIEF_OPERATING_OFFICER
	DOC-501_1.2	4	CHAIRMAN
	DOC-502_1.2	4	SENIOR_VICE_PRESIDENT
	DOC-503_1.2	4	EXECUTIVE_VICE_PRESIDENT_OF_COMPUTERWARE
	DOC-504_1.2	4	VICE_CHAIRMAN
	DOC-504_1.3	1	CHIEF_EXECUTIVE_OFFICER
	DOC-505_1.2	4	SENIOR_EXECUTIVE_VICE_PRESIDENT_OF_OVERNITE
	DOC-507_1.2	4	VICE_PRESIDENT
	DOC-509_1.2	1	PRESIDENT_AND_CHIEF_OPERATING_OFFICER
	DOC-510_1.2	4	PRESIDENT_AND_CHIEF_OPERATING_OFFICER
	DOC-513_1.3	4	PRESIDENT_AND_CHIEF_OPERATING_OFFICER
	DOC-515_1.2	4	VICE_PRESIDENT
	DOC-516_1.2	4	SENIOR_VICE_PRESIDENT
	DOC-518_1.2	4	VICE_PRESIDENT_,_CUSTOMER_SERVICE
	DOC-519_1.2	1	PRESIDENT_AND_CHIEF_EXECUTIVE_OFFICER
	DOC-520_1.2	4	PRESIDENT_AND_CHIEF_OPERATING_OFFICER
	DOC-520_1.4	1	CHAIRMAN
	DOC-522_1.2	4	PRESIDENT
	DOC-523_1.2	4	PRESIDENT
	DOC-523_1.5	4	CHAIRMAN_AND_CHIEF_EXECUTIVE_OFFICER
	DOC-524_1.2	4	EXECUTIVE_VICE_PRESIDENT_OF_CORPORATE_AFFAIRS_AND_COMMUNICATIONS
	DOC-525_1.2	4	SENIOR_VICE_PRESIDENT
	DOC-525_1.5	4	SENIOR_VICE_PRESIDENT
	DOC-526_1.2	4	SENIOR_VICE_PRESIDENT
	DOC-527_1.3	1	PRESIDENTS
	DOC-528_1.2	1	CHAIRMAN
	DOC-528_1.3	4	PRESIDENT
	DOC-529_1.2	1	CHAIRMAN
	DOC-529_1.3	4	PRESIDENT
	DOC-530_1.2	4	CHIEF_EXECUTIVE_OFFICER
	DOC-531_1.2	4	CHIEF_EXECUTIVE
	DOC-532_1.2	1	CHIEF_FINANCIAL_OFFICER
	DOC-533_1.5	1	CHAIRMAN_AND_CHIEF_EXECUTIVE_OFFICER
	DOC-534_1.5	4	HEAD
	DOC-535_1.4	1	CHIEF_EXECUTIVE
	DOC-537_1.2	4	SENIOR_VICE_PRESIDENT
	DOC-538_1.3	4	SENIOR_VICE_PRESIDENT_FOR_STORE_OPERATIONS
	DOC-539_1.2	4	SENIOR_VICE_PRESIDENT
	DOC-543_1.3	4	SENIOR_VICE_PRESIDENT
	DOC-543_1.5	4	VICE_CHAIRMAN
	DOC-546_1.2	4	PRESIDENT
	DOC-547_1.2	4	EXECUTIVE_VICE_PRESIDENT_OF_THIS_UTILITY
	DOC-548_1.2	4	CHAIRMAN_AND_CHIEF_EXECUTIVE_OFFICER
	DOC-548_1.5	4	PRESIDENT_AND_CHIEF_OPERATING_OFFICER
	DOC-551_1.3	1	CHAIRMAN
	DOC-552_1.3	1	EXECUTIVE_VICE_PRESIDENT
	DOC-552_1.4	4	CHIEF_OPERATING_OFFICER
	DOC-553_1.3	4	CONTROLLER
	DOC-554_1.9	1	CHAIRMAN_AND_CHIEF_EXECUTIVE_OFFICER
	DOC-556_1.1	4	PRESIDENT
	DOC-557_1.3	4	CHAIRMAN
	DOC-558_1.3	4	VICE_PRESIDENT
	DOC-559_1.2	4	PRESIDENT_AND_CHIEF_EXECUTIVE_OFFICER
	DOC-560_1.2	4	EXECUTIVE_VICE_PRESIDENT_,_FINANCE_AND_DEVELOPMENT
	DOC-561_1.2	4	GENERAL_MANAGER
	DOC-561_1.4	4	VICE_PRESIDENT
	DOC-562_1.2	4	GENERAL_MANAGER
	DOC-563_1.1	4	PRESIDENT_AND_CHIEF_EXECUTIVE_OFFICER
	DOC-564_1.3	4	PRESIDENT_AND_CHIEF_EXECUTIVE_OFFICER
	DOC-565_1.3	4	PRESIDENT_AND_CHIEF_EXECUTIVE_OFFICER
	DOC-565_1.6	1	CHAIRMAN_AND_CHIEF_EXECUTIVE
	DOC-566_1.2	4	PRESIDENT_AND_CHIEF_EXECUTIVE_OFFICER
	DOC-566_1.4	4	EXECUTIVE_VICE_PRESIDENT
	DOC-567_1.2	1	CHAIRMAN
	DOC-567_1.3	4	PRESIDENT_AND_CHIEF_EXECUTIVE
	DOC-568_1.2	4	VICE_CHAIRMAN
	DOC-570_1.2	4	CHAIRMAN_AND_CHIEF_EXECUTIVE_OFFICER
	DOC-571_1.2	4	CHIEF_EXECUTIVE
	DOC-572_1.2	4	SENIOR_VICE_PRESIDENT
	DOC-573_1.3	1	CHAIRMAN_AND_CHIEF_EXECUTIVE_OFFICER
	DOC-573_1.4	4	PRESIDENT_AND_CHIEF_OPERATING_OFFICER
	DOC-574_1.4	4	PRESIDENT_AND_CHIEF_EXECUTIVE_OFFICER
	DOC-576_1.2	4	VICE_CHAIRMAN
	DOC-577_1.2	4	PRESIDENT_OF_THE_SUPERMARKETS_DRUG_STORE_MERCHANDISING_DIVISION
	DOC-578_1.2	4	PRESIDENT
	DOC-582_1.2	4	SENIOR_VICE_PRESIDENT
	DOC-583_1.2	4	PRESIDENT_OF_THE_SPECIALTY_CHEMICALS_COMPANY
	DOC-585_1.2	4	SENIOR_VICE_PRESIDENT
	DOC-587_1.2	4	PRESIDENT_AND_CHIEF_OPERATING_OFFICER
	DOC-588_1.2	1	MANAGING_DIRECTOR
	DOC-593_1.2	4	PRESIDENT
	DOC-593_1.5	1	CHAIRMAN_AND_CHIEF_EXECUTIVE_OFFICER
	DOC-594_1.2	4	MANAGING_DIRECTOR
	DOC-595_1.2	4	MANAGING_DIRECTOR
	DOC-595_1.4	4	CHAIRMAN
	DOC-596_1.2	1	HEAD
	DOC-597_1.2	4	VICE_PRESIDENT
	DOC-598_1.2	4	VICE_PRESIDENT
	DOC-599_1.2	4	PRESIDENT
	DOC-600_1.3	4	PRESIDENT
	DOC-602_1.1	1	CHAIRMAN
	DOC-602_1.3	4	PRESIDENT
	DOC-603_1.2	4	VICE_CHAIRMAN
	DOC-606_1.2	4	VICE_CHAIRMAN
	DOC-608_1.2	1	CHAIRMAN_AND_CHIEF_EXECUTIVE_OFFICER
	DOC-609_1.2	1	VICE_PRESIDENT_AND_GENERAL_MANAGER
	DOC-610_1.1	4	PRESIDENT
	DOC-615_1.2	4	EXECUTIVE_VICE_PRESIDENT_OF_THE_U.S._SUBSIDIARY
	DOC-619_1.2	1	VICE_PRESIDENT_,_AIRLINE_PLANNING_,
	DOC-620_1.3	4	PRESIDENT
	DOC-621_1.3	4	PRESIDENT_AND_CHIEF_EXECUTIVE_OFFICER
	DOC-622_1.1	4	CHAIRMAN
	DOC-623_1.2	4	EXECUTIVE_VICE_PRESIDENT
	DOC-625_1.1	4	PRESIDENT_AND_CHIEF_OPERATING_OFFICER
	DOC-627_1.2	4	CHAIRMAN
	DOC-628_1.3	4	SENIOR_VICE_PRESIDENT_OF_PROPERTY-CASUALTY_OPERATIONS
	DOC-629_1.3	4	EXECUTIVE_VICE_PRESIDENT
	DOC-630_1.2	4	VICE_PRESIDENT_,_FIELD_OPERATIONS/_MIDWEST_ZONE
	DOC-630_1.3	4	SENIOR_VICE_PRESIDENT_AND_CHIEF_INFORMATION_OFFICER
	DOC-631_1.3	4	SENIOR_VICE_PRESIDENT
	DOC-631_1.4	1	CHIEF_EXECUTIVE
	DOC-633_1.2	4	EXECUTIVE_VICE_PRESIDENT
	DOC-634_1.2	4	PRESIDENT
	DOC-635_1.2	1	CHAIRMAN
	DOC-635_1.4	4	PRESIDENCY
	DOC-636_1.2	1	SENIOR_VICE_PRESIDENT_FOR_MARKETING
	DOC-641_1.2	4	VICE_PRESIDENT_AND_GENERAL_MANAGER
	DOC-644_1.3	4	PRESIDENT
	DOC-648_1.1	4	CHIEF_EXECUTIVE
	DOC-649_1.2	4	CHIEF_EXECUTIVE
	DOC-650_1.2	4	VICE_PRESIDENT
	DOC-650_1.5	4	PRESIDENT
	DOC-651_1.2	4	CHAIRMAN
	DOC-652_1.2	1	PRESIDENT_AND_CHIEF_EXECUTIVE_OFFICER
	DOC-652_1.3	4	CHAIRMAN_AND_CHIEF_EXECUTIVE
	DOC-653_1.2	4	EXECUTIVE_VICE_PRESIDENT_AND_CHIEF_OPERATING_OFFICER
	DOC-653_1.3	4	PRESIDENT_AND_CHIEF_OPERATING_OFFICER
	DOC-654_1.2	1	PRESIDENT_AND_CHIEF_OPERATING_OFFICER
	DOC-654_1.3	4	CHIEF_EXECUTIVE
	DOC-655_1.3	4	PRESIDENT
	DOC-657_1.2	1	CHAIRMAN
	DOC-658_1.2	4	PRESIDENT_AND_CHIEF_EXECUTIVE
	DOC-660_1.2	4	PRESIDENT
	DOC-662_1.2	4	EXECUTIVE_VICE_PRESIDENT
	DOC-665_1.2	4	VICE_PRESIDENT
	DOC-666_1.2	4	CHAIRMAN
	DOC-670_1.5	1	PRESIDENCY
	DOC-671_1.5	4	EXECUTIVE_VICE_PRESIDENT
	DOC-672_1.2	4	CHIEF_FINANCIAL_OFFICER
	DOC-674_1.2	4	CHIEF_OPERATING_OFFICER_AND_CHIEF_FINANCIAL_OFFICER
	DOC-676_1.2	4	PRESIDENT
	DOC-677_1.2	4	SENIOR_VICE_PRESIDENT
	DOC-682_1.2	1	EXECUTIVE_VICE_PRESIDENT_AND_CHIEF_FINANCIAL_OFFICER
	DOC-683_1.2	4	CHAIRMAN_AND_CHIEF_EXECUTIVE
	DOC-684_1.2	4	VICE_PRESIDENT
	DOC-686_1.2	4	CHIEF_FINANCIAL_OFFICER
	DOC-687_1.2	4	VICE_PRESIDENT
	DOC-689_1.3	4	CHAIRMAN
	DOC-690_1.2	4	PRESIDENT
	DOC-692_1.4	4	CHAIRMAN_AND_CHIEF_EXECUTIVE
	DOC-700_1.2	4	CO-EXECUTIVE_VICE_PRESIDENT
	DOC-701_1.3	4	CO-EXECUTIVE_VICE_PRESIDENT
	DOC-703_1.3	4	CHAIRMAN_EMERITUS
	DOC-704_1.2	4	CHAIRMAN_AND_CHIEF_EXECUTIVE
	DOC-705_1.2	4	CHAIRMAN_AND_CHIEF_EXECUTIVE
	DOC-706_1.2	4	VICE_CHAIRMAN
	DOC-707_1.2	4	PRESIDENT_AND_CHIEF_OPERATING_OFFICER
	DOC-710_1.2	4	CHAIRMAN
	DOC-714_1.3	4	VICE_PRESIDENT_AND_GENERAL_MANAGER
	DOC-715_1.3	4	SENIOR_VICE_PRESIDENT
	DOC-719_1.4	4	CHIEF_FINANCIAL_OFFICER
	DOC-720_1.2	4	CHAIRMAN
	DOC-721_1.2	4	EXECUTIVE_VICE_PRESIDENT
	DOC-722_1.2	4	VICE_CHAIRMAN
	DOC-723_1.1	1	CHIEF_FINANCIAL_OFFICER
	DOC-723_1.3	4	EX-CHAIRMAN
	DOC-725_1.3	4	CHAIRMAN
	DOC-729_1.1	4	MANAGING_DIRECTOR
	DOC-730_1.2	4	CHAIRMAN_AND_CHIEF_EXECUTIVE_OFFICER
	DOC-731_1.3	4	CHIEF_EXECUTIVE
	DOC-734_1.1	4	EXECUTIVE_VICE_PRESIDENTS
	DOC-735_1.3	1	CHAIRMAN_AND_CHIEF_EXECUTIVE_OFFICER
	DOC-736_1.2	4	PRESIDENT
	DOC-740_1.2	4	CHAIRMAN
	DOC-741_1.2	4	DEPUTY_VICE_CHAIRMAN
	DOC-742_1.3	4	HEAD
	DOC-743_1.1	4	CHAIRMAN_AND_CHIEF_EXECUTIVE
	DOC-750_1.2	1	CHAIRMAN_,_PRESIDENT_AND_CHIEF_EXECUTIVE_OFFICER
	DOC-751_1.2	4	CHIEF_FINANCIAL_OFFICER
	DOC-752_1.1	4	CHIEF_FINANCIAL_OFFICER_AND_VICE_PRESIDENT
	DOC-755_1.2	4	PRESIDENT
	DOC-762_1.2	1	PRESIDENT_AND_CHIEF_EXECUTIVE_OFFICER
	DOC-762_1.3	4	CHAIRMAN
	DOC-764_1.2	4	CHAIRMAN_AND_CHIEF_EXECUTIVE
	DOC-765_1.2	4	CHIEF_EXECUTIVE
	DOC-770_1.3	1	PRESIDENT_AND_CHIEF_OPERATING_OFFICER
	DOC-771_1.3	1	PRESIDENT
	DOC-772_1.2	1	CHAIRMAN_AND_CHIEF_EXECUTIVE_OFFICER
	DOC-773_1.2	1	CHAIRMAN_AND_CHIEF_EXECUTIVE_OFFICER
	DOC-773_1.4	4	CHIEF_OPERATING_OFFICER
	DOC-776_1.3	4	PRESIDENT_AND_CHIEF_OPERATING_OFFICER
	DOC-777_1.2	4	VICE_CHAIRMAN_AND_CHIEF_FINANCIAL_OFFICER
	DOC-779_1.2	4	CHAIRMAN_AND_CHIEF_EXECUTIVE
	DOC-781_1.2	1	PRESIDENT
	DOC-783_1.2	1	CHIEF_FINANCIAL_OFFICER
	DOC-784_1.3	4	VICE_PRESIDENT_,_REAL_ESTATE
	DOC-785_1.2	4	CHIEF_OPERATING_OFFICER
	DOC-790_1.2	1	SENIOR_VICE_PRESIDENT_,_PRESIDENT_AND_CHIEF_EXECUTIVE_OFFICER
	DOC-792_1.4	1	VICE_PRESIDENT
	DOC-792_1.5	1	CONTROLLER
	DOC-792_1.6	4	CHIEF_FINANCIAL_OFFICER
	DOC-796_1.3	4	CHAIRMAN
	DOC-797_1.2	4	CHIEF_EXECUTIVE
	DOC-798_1.3	4	CHAIRMAN_AND_CHIEF_EXECUTIVE
	DOC-799_1.3	4	EXECUTIVE_VICE_PRESIDENT
	DOC-801_1.1	4	PRESIDENT
	DOC-801_1.3	4	EXECUTIVE_VICE_PRESIDENT
	DOC-802_1.2	1	CHAIRMAN_AND_CHIEF_EXECUTIVE_OFFICER
	DOC-805_1.2	4	PRESIDENT_AND_CHIEF_FINANCIAL_OFFICER
	DOC-806_1.2	4	CHAIRMAN
	DOC-811_1.3	4	VICE_PRESIDENT
	DOC-817_1.2	4	PRESIDENT_AND_CHIEF_EXECUTIVE_OFFICER
	DOC-817_1.4	4	PRESIDENT_AND_CHIEF_EXECUTIVE_OFFICER
	DOC-820_1.2	4	EXECUTIVE_VICE_PRESIDENT_,_CHIEF_OPERATING_OFFICER
	DOC-823_1.2	4	PRESIDENT_AND_CHIEF_OPERATING_OFFICER
	DOC-824_1.3	1	EXECUTIVE_VICE_PRESIDENT_OF_FINANCE
	DOC-825_1.3	4	EXECUTIVE_VICE_PRESIDENT_AND_CHIEF_ADMINISTRATIVE_OFFICER
	DOC-826_1.3	4	CHAIRMAN
	DOC-826_1.5	4	PRESIDENT
	DOC-827_1.2	1	PRESIDENT
	DOC-827_1.4	4	CHAIRMAN_AND_CHIEF_EXECUTIVE
	DOC-831_1.2	4	CHAIRMAN
	DOC-832_1.3	4	CHAIRMAN_AND_CHIEF_EXECUTIVE
	DOC-832_1.5	4	CHIEF_FINANCIAL_OFFICER
	DOC-833_1.3	4	CHIEF_FINANCIAL_OFFICER
	DOC-835_1.2	1	PRESIDENT
Cluster 1
	DOC-1_1.3	1	SPELLING
	DOC-4_1.2	2	ABB_ASEA_BROWN_BOVERI
	DOC-5_1.3	1	RENAULT_SA_.
	DOC-14_1.4	2	DREXEL
	DOC-17_1.3	2	BNL
	DOC-20_1.3	2	OCC
	DOC-45_1.4	2	BARRON_'S
	DOC-58_1.2	2	SALOMON_BROTHERS_INC.
	DOC-64_1.4	2	AMERICAN_EXPRESS_CO.
	DOC-65_1.4	2	BRISTOL-MYERS_INC.
	DOC-66_1.3	2	ALCAN_ALUMINIUM_LTD.
	DOC-69_1.3	2	MOBIL_CORP.
	DOC-70_1.6	2	BRISTOL-MYERS_SQUIBB_CO.
	DOC-80_1.3	2	VIKING/PENGUIN_U.S.A.
	DOC-81_1.3	1	IMED_CORP.
	DOC-86_1.4	2	BLOCKBUSTER_ENTERTAINMENT_CORP.
	DOC-86_1.6	1	SPELLING
	DOC-88_1.5	2	SPELLING
	DOC-92_1.3	1	HONGKONG_LAND_HOLDINGS_LTD.
	DOC-94_1.4	2	TRAFALGAR
	DOC-96_1.4	2	ASSOCIATED_MERCHANDISING_CORP.
	DOC-100_1.3	2	PROCTER_&_GAMBLE_CO.
	DOC-100_1.5	2	NORTHERN_TELECOM
	DOC-105_1.4	2	INFORMATION_RESOURCES_INC.
	DOC-105_1.7	2	NIELSEN
	DOC-105_1.8	1	DUN_&_BRADSTREET_CORP.
	DOC-108_1.3	2	AMERICAN_ELECTRONICS_ASSOCIATION
	DOC-109_1.4	1	FORD_MOTOR_CO.
	DOC-110_1.3	2	INTERNATIONAL_BUSINESS_MACHINES_CORP.
	DOC-113_1.4	2	WANG_LABORATORIES_INC.
	DOC-114_1.5	2	ELI_LILLY_AND_CO.
	DOC-115_1.3	1	COMMUNICATION_SERVICES_GROUP
	DOC-115_1.5	2	AT&T
	DOC-117_1.3	1	NETWORK_SYSTEMS_GROUP
	DOC-118_1.6	2	COMMUNICATIONS_SERVICES
	DOC-119_1.2	2	SEA-LAND_SERVICES_INC.
	DOC-120_1.4	2	AT&T
	DOC-121_1.3	1	COMMUNICATIONS_PRODUCTS_GROUP
	DOC-122_1.6	2	AT&T
	DOC-123_1.3	2	SQUARE_D_CORP.
	DOC-124_1.3	2	RCA_CORP.
	DOC-124_1.4	1	GENERAL_ELECTRIC_CO.
	DOC-124_1.5	1	RCA
	DOC-126_1.1	2	MARION_MERRELL_DOW_INC.
	DOC-128_1.1	2	HEXCEL
	DOC-130_1.3	2	ELI_LILLY_&_CO.
	DOC-131_1.1	2	GOODYEAR_TIRE_&_RUBBER_CO.
	DOC-132_1.5	2	RUBBERMAID_INC.
	DOC-133_1.3	2	NATIONAL_MEDICAL_ENTERPRISES_INC.
	DOC-134_1.3	2	PIZZA_INC.
	DOC-138_1.1	1	US
	DOC-138_1.4	2	LERNER_STORES_CORP.
	DOC-138_1.5	1	US
	DOC-140_1.3	2	DETROIT_EDISON_CO.
	DOC-141_1.2	2	LONG_ISLAND_LIGHTING_CO.
	DOC-145_1.3	2	STONE_&_WEBSTER_INC.
	DOC-152_1.4	2	E-SYSTEMS
	DOC-156_1.3	1	ETHYL
	DOC-156_1.5	2	ALBEMARLE
	DOC-157_1.3	1	ETHYL
	DOC-157_1.5	1	CHEMICALS_GROUP
	DOC-158_1.4	1	PETROLEUM_ADDITIVES_DIVISION
	DOC-159_1.3	2	ETHYL
	DOC-159_1.5	2	ETHYL
	DOC-160_1.3	2	TENNECO_INC.
	DOC-165_1.4	2	HONEYWELL_INC.
	DOC-174_1.3	1	FIRSTROCK
	DOC-176_1.3	2	CHRYSLER
	DOC-186_1.4	2	BUSINESS_INTERNATIONAL_CORP.
	DOC-195_1.3	2	NATIONAL_EDUCATION
	DOC-200_1.5	2	GUINNESS_MAHON
	DOC-203_1.3	2	OPPENHEIMER
	DOC-210_1.3	2	INTERLAKE_CORP.
	DOC-213_1.2	1	BURLINGTON_NORTHERN_INC.
	DOC-216_1.3	2	FUND_CORP.
	DOC-217_1.3	2	STANDEX
	DOC-220_1.3	2	BENDIX_AIRCRAFT_SYSTEMS_CO.
	DOC-220_1.4	1	ALLIED_SIGNAL_INC.
	DOC-226_1.2	2	PCS_INC.
	DOC-227_1.3	2	FLECK_CO.
	DOC-235_1.3	2	WESTERN_GAS_MARKETING
	DOC-235_1.6	2	TRANSCANADA
	DOC-237_1.3	1	TEXAS_AIR
	DOC-237_1.4	1	EASTERN_AIRLINES
	DOC-237_1.6	2	CONTINENTAL_AIRLINES
	DOC-248_1.5	2	BAILEY_MANAGEMENT_GROUP
	DOC-249_1.4	2	PEOPLES_BANK_&_TRUST_CO.
	DOC-254_1.3	2	TAMBRANDS
	DOC-257_1.4	2	INC
	DOC-258_1.3	2	TAMBRANDS
	DOC-264_1.3	1	LIVE
	DOC-265_1.3	2	LIVE
	DOC-266_1.2	1	LOEWS_CORP.
	DOC-268_1.5	2	BULOVA_CORP.
	DOC-269_1.2	2	LORILLARD
	DOC-270_1.2	2	BULOVA
	DOC-278_1.3	2	BURLINGTON_NORTHERN_INC.
	DOC-278_1.6	2	JET_AVIATION_HOLDINGS_INC.
	DOC-292_1.4	2	DREXEL_BURNHAM_LAMBERT_INTERNATIONAL
	DOC-294_1.3	2	TAMBRANDS_INC.
	DOC-295_1.1	2	TAMBRANDS
	DOC-301_1.3	2	TAMBRANDS
	DOC-309_1.4	2	CHEMICAL_BANK_&_TRUST_CO.
	DOC-309_1.5	1	CHEMICAL_BANK
	DOC-312_1.3	2	DWG
	DOC-314_1.3	2	BANCA_NAZIONALE_DEL_LAVORO
	DOC-319_1.4	2	BNL
	DOC-322_1.3	2	DREXEL_BURNHAM_LAMBERT_INC.
	DOC-325_1.3	2	HYBRITECH_INC.
	DOC-326_1.4	2	DREXEL_BURNHAM_LAMBERT_INC.
	DOC-329_1.3	2	LEXECON_INC.
	DOC-331_1.6	2	QUAD
	DOC-334_1.3	2	JAMESWAY_CORP.
	DOC-341_1.3	2	GENERAL_WATERWORKS
	DOC-342_1.1	2	FANNIE_MAE
	DOC-344_1.3	2	JAPAN_DEVELOPMENT_BANK
	DOC-345_1.3	2	SALOMON
	DOC-349_1.4	1	AMERICAN_STOCK_EXCHANGE
	DOC-356_1.3	2	KELLOGG_NORTH_AMERICA
	DOC-362_1.3	2	KAYDON
	DOC-363_1.3	2	GENERAL_SIGNAL_CORP.
	DOC-363_1.4	1	GENERAL_SIGNAL
	DOC-364_1.3	2	TRINOVA_CORP.
	DOC-369_1.3	2	NORTEX_INTERNATIONAL_INC.
	DOC-370_1.1	1	CANADIAN_BROADCASTING_CORP.
	DOC-370_1.2	3	GERARD_VEILLEUX
	DOC-372_1.3	2	DU_PONT
	DOC-373_1.2	1	DU_PONT
	DOC-376_1.3	1	DU_PONT_CANADA_INC.
	DOC-377_1.4	1	TURBINE_COMPONENTS_GROUP
	DOC-380_1.3	2	COWLES_MAGAZINE_INC.
	DOC-381_1.2	2	WASHINGTON_POST_CO.
	DOC-382_1.4	2	KIDDER_,_PEABODY_&_CO.
	DOC-383_1.3	2	NOMURA_SECURITIES_INTERNATIONAL_INC.
	DOC-383_1.4	2	NOMURA_HOLDING_AMERICA_INC.
	DOC-385_1.1	2	KIDDER
	DOC-385_1.4	2	KIDDER
	DOC-386_1.2	1	LONDON
	DOC-386_1.4	1	LONDON
	DOC-387_1.3	2	RESOLUTION_TRUST_CORP.
	DOC-388_1.3	2	SALOMON_BROTHERS_INC.
	DOC-390_1.3	2	RJR_NABISCO_INC.
	DOC-394_1.3	2	OPINION_RESEARCH
	DOC-395_1.3	2	OPINION_RESEARCH
	DOC-397_1.3	2	SKYLINE_CORP.
	DOC-398_1.3	2	ENFIELD_CORP.
	DOC-399_1.2	1	ENFIELD
	DOC-406_1.3	2	GLAXO_INC.
	DOC-407_1.3	2	NORTHERN_TELECOM_INC.
	DOC-416_1.3	1	JEFFERIES
	DOC-417_1.3	2	KEMPER_ASSET_MANAGEMENT_CO.
	DOC-418_1.3	2	WILLIAM_M._MERCER-MEIDINGER-HANSEN_INC.
	DOC-419_1.5	1	MAZDA
	DOC-423_1.3	2	STERLING_DRUG_INC.
	DOC-430_1.3	2	MCKESSON_CORP.
	DOC-434_1.4	2	ROGERS_GROUP
	DOC-438_1.3	1	PENN_PACIFIC
	DOC-446_1.3	2	PITNEY_BOWES_INC.
	DOC-446_1.6	1	PROSPECT_GROUP
	DOC-447_1.4	2	COMMERCIAL_NATIONAL_AND_COMMERCIAL_NATIONAL_BANK
	DOC-448_1.3	1	HOMART_DEVELOPMENT_CO.
	DOC-448_1.4	1	SEARS_,_ROEBUCK_&_CO.
	DOC-448_1.6	2	FIGGIE_PROPERTIES
	DOC-450_1.3	2	CAPITAL_HOLDING
	DOC-450_1.4	1	ACCUMULATION_AND_INVESTMENT_GROUP
	DOC-450_1.5	2	CAPITAL_HOLDING
	DOC-453_1.3	2	CADBURY_SCHWEPPES_PLC
	DOC-456_1.3	2	GRUNTAL_&_CO.
	DOC-458_1.2	2	LADENBURG
	DOC-462_1.3	2	AMERICAN_EXPRESS
	DOC-463_1.3	2	AMERICAN_CAPITAL_MANAGEMENT_&_RESEARCH_INC.
	DOC-465_1.3	2	PROVIGO
	DOC-466_1.3	2	PROVIGO
	DOC-468_1.1	1	BARCLAYS_DE_ZOETE_WEDD_LTD.
	DOC-474_1.3	2	EQUIFAX
	DOC-477_1.4	1	BIG_SANDY_TELECOMMUNICATIONS_INC.
	DOC-488_1.3	2	ZELLERS_INC.
	DOC-496_1.3	2	MOUNT_CO.
	DOC-496_1.5	1	MCA_INC.
	DOC-497_1.3	2	COOKE_CABLEVISION_INC.
	DOC-500_1.3	2	TDB_AMERICAN_EXPRESS_BANK
	DOC-502_1.3	2	ZIFF
	DOC-507_1.3	2	GUY_F._ATKINSON_CO.
	DOC-508_1.3	2	FLORIDA_POWER_&_LIGHT_CO.
	DOC-509_1.3	2	FLORIDA_POWER
	DOC-513_1.5	2	BRIDGESTONE
	DOC-513_1.6	2	FIRESTONE
	DOC-518_1.3	2	PRIME_COMPUTER_INC.
	DOC-520_1.3	2	WANG_LABORATORIES_INC.
	DOC-525_1.3	2	AMERICAN_EXPRESS
	DOC-528_1.4	2	PRUDENTIAL_INSURANCE_CO.
	DOC-529_1.4	2	PRUDENTIAL_INSURANCE_CO.
	DOC-529_1.6	1	FARMERS
	DOC-534_1.4	1	S.G._WARBURG_&_CO.
	DOC-534_1.6	2	KIDDER
	DOC-539_1.4	1	ZAYRE_CORP.
	DOC-543_1.4	2	AMERICAN_TELEPHONE_&_TELEGRAPH_CO.
	DOC-546_1.3	2	MARYLAND_CASUALTY
	DOC-548_1.3	2	ROHR_INDUSTRIES_INC.
	DOC-553_1.2	1	ARTHUR_ANDERSEN_&_CO.
	DOC-554_1.2	1	RCA_CORP.
	DOC-554_1.5	2	WANG_LABORATORIES_INC.
	DOC-557_1.4	2	GOULD_INC.
	DOC-561_1.5	2	BENETTON_GROUP_S.P.A.
	DOC-569_1.3	2	INC
	DOC-570_1.3	2	MCKESSON_CORP.
	DOC-574_1.6	1	ACTION
	DOC-575_1.3	2	SUPERMARKETS_GENERAL_CORP.
	DOC-580_1.3	2	ENFIELD_CORP.
	DOC-585_1.3	2	THOMSON_MCKINNON_SECURITIES_INC.
	DOC-586_1.4	2	CHILTON_CO.
	DOC-590_1.4	2	WANG_LABORATORIES_INC.
	DOC-592_1.3	2	APPLE
	DOC-594_1.5	1	MORGAN
	DOC-595_1.3	2	MORGAN
	DOC-595_1.5	2	MORGAN
	DOC-596_1.3	2	MORGAN
	DOC-597_1.4	1	DIRECT_MARKETING_GROUP
	DOC-598_1.4	2	INTERNATIONAL_GROUP
	DOC-600_1.1	2	CORONADO_RESOURCES_INC.
	DOC-606_1.3	2	DAYTON_HUDSON_CORP.
	DOC-619_1.3	2	NORTHWEST
	DOC-620_1.1	1	ALFRED_CHECCHI_ASSOCIATES
	DOC-621_1.1	1	NWA_INC.
	DOC-621_1.4	2	TIGER_INTERNATIONAL
	DOC-621_1.6	2	NWA_COS.
	DOC-623_1.3	2	NWA_COS.
	DOC-628_1.2	0	ROBERT_R._MCCLINTICK
	DOC-629_1.1	2	FARMERS
	DOC-636_1.3	2	PHILIP_MORRIS
	DOC-641_1.3	2	LEDERLE_LABORATORIES
	DOC-641_1.4	1	AMERICAN_CYANAMID_CO.
	DOC-643_1.3	2	KRAFT_GENERAL_FOODS
	DOC-644_1.4	2	SQUIBB
	DOC-645_1.3	2	SQUIBB
	DOC-648_1.3	2	SAATCHI
	DOC-649_1.3	2	IMS_INTERNATIONAL_INC.
	DOC-650_1.6	2	HERCULES_AEROSPACE_CO.
	DOC-655_1.2	2	BEARINGS
	DOC-658_1.3	2	TAYLOR_&_GASKIN_INC.
	DOC-659_1.2	2	MANVILLE_CORP.
	DOC-660_1.3	2	MEAD_CORP.
	DOC-660_1.5	2	MANVILLE_FOREST_PRODUCTS_CORP.
	DOC-661_1.3	2	BALCOR_CO.
	DOC-662_1.3	2	BALCOR
	DOC-664_1.3	1	AGRICOLA_LTD.
	DOC-664_1.5	2	COUNTY_NATWEST_INVESTMENT_MANAGEMENT_LTD.
	DOC-664_1.6	1	COUNTY_NATWEST_LTD.
	DOC-676_1.3	2	FRESENIUS_USA
	DOC-677_1.3	2	ELECKTRA_ENTERTAINMENT_INC.
	DOC-677_1.5	2	CAPITOL_RECORDS_INC.
	DOC-679_1.3	2	MTM_ENTERPRISES_INC.
	DOC-689_1.4	2	FOX_INC.
	DOC-690_1.1	0	JAMIE_KELLNER
	DOC-690_1.3	2	FOX_BROADCASTING_CO.
	DOC-699_1.3	2	EMI_RECORDS_GROUP
	DOC-699_1.4	1	THORN_EMI_PLC_.
	DOC-700_1.3	2	EMI_RECORDS_GROUP
	DOC-701_1.4	2	EMI_RECORDS_GROUP
	DOC-704_1.3	2	FOX_INC.
	DOC-704_1.4	2	TWENTIETH_CENTURY_FOX_FILM_CORP.
	DOC-704_1.5	1	NEWS_CORP.
	DOC-706_1.3	2	MARY_KAY_CORP.
	DOC-707_1.3	2	MARY_KAY_COSMETICS_INC.
	DOC-714_1.4	2	FEDERAL_EXPRESS_CANADA_LTD.
	DOC-719_1.3	1	CHRYSLER_CORP.
	DOC-721_1.3	2	CHRYSLER
	DOC-725_1.1	2	CHRYSLER
	DOC-729_1.2	2	BANKERS_TRUST_CO.
	DOC-729_1.3	1	KIDDER
	DOC-729_1.4	1	GENERAL_ELECTRIC_CO.
	DOC-733_1.3	2	UNION_TRUST_CO.
	DOC-734_1.2	2	FIRST_FIDELITY
	DOC-737_1.4	2	GENETIC_THERAPY
	DOC-741_1.3	2	PRICE_WATERHOUSE
	DOC-742_1.4	2	PEPSICO_INC.
	DOC-744_1.2	2	INTERNATIONAL_BUSINESS_MACHINES_CORP.
	DOC-748_1.3	2	HARRY_GRAY_ASSOCIATES
	DOC-753_1.2	2	WANG_LABORATORIES_INC.
	DOC-755_1.3	2	MERCK_&_CO.
	DOC-756_1.3	2	ELI_LILLY_&_CO.
	DOC-757_1.3	2	NORTHERN_TELECOM_LTD.
	DOC-759_1.1	2	RIGGS_NATIONAL_BANK
	DOC-760_1.2	2	FIRST_FLORIDA_BANKS_INC.
	DOC-760_1.3	1	BARNETT_BANKS_INC.
	DOC-761_1.3	2	ALZA
	DOC-770_1.4	1	APACHE_CORP.
	DOC-779_1.3	2	FIRST_CHICAGO_CORP.
	DOC-781_1.3	2	PARAMOUNT_COMMUNICATIONS_INC.
	DOC-783_1.4	2	SYSTEM_ONE
	DOC-785_1.3	2	PAGE_BOY
	DOC-788_1.3	1	COOPERS_&_LYBRAND
	DOC-794_1.3	2	TIME_INC.
	DOC-795_1.3	2	TIME_INC.
	DOC-798_1.2	2	BOC
	DOC-799_1.4	2	TELEFON_AB
	DOC-799_1.5	1	L_._M_._ERICSSON
	DOC-805_1.3	2	LAWRENCE_MANAGEMENT_GROUP_INC.
	DOC-805_1.4	1	LAWRENCE_INSURANCE_GROUP_INC.
	DOC-805_1.5	1	MECHANICAL_TECHNOLOGY
	DOC-807_1.3	2	REBUILD_L_._A
	DOC-812_1.3	2	MCDERMOTT_INTERNATIONAL_INC.
	DOC-812_1.5	2	BABCOCK_&_WILCOX
	DOC-817_1.3	2	CURTIS_INDUSTRIES
	DOC-818_1.3	2	AMERICAN_CONSUMER_PRODUCTS
	DOC-819_1.3	1	CIGNA
	DOC-820_1.3	2	NAC_RE_CORP.
	DOC-822_1.4	1	TIME_WARNER_INC.
	DOC-822_1.5	1	TIME_WARNER_INTERNATIONAL
	DOC-831_1.3	2	EMCO_LTD.
	DOC-834_1.3	2	DUN_&_BRADSTREET
	DOC-837_1.3	2	MERRILL_LYNCH_CANADA_INC.
	DOC-837_1.4	1	MERRILL_LYNCH_&_CO.
	DOC-838_1.2	2	MICROSOFT_CORP.
Cluster 2
	DOC-3_1.1	1	A.C._NIELSEN_CO.
	DOC-14_1.1	3	THOMAS_K._GUBA
	DOC-45_1.1	1	DOW_JONES_&_CO.
	DOC-57_1.1	3	ARTHUR_KIRSCH
	DOC-61_1.1	2	MORGAN
	DOC-65_1.1	0	RICHARD_FURLAUD
	DOC-66_1.1	0	DAVID_CULVER
	DOC-69_1.1	0	RAWLEIGH__WARNER_JR.
	DOC-70_1.1	1	GERARD_ROCHE
	DOC-74_1.1	2	CRAY_RESEARCH
	DOC-75_1.1	3	LANCE_R._PRIMIS
	DOC-76_1.1	5	KAREN_MESSINEO
	DOC-77_1.1	3	PENELOPE_MUSE_ABERNATHY
	DOC-78_1.1	2	PRICE_STERN_SLOAN_INC.
	DOC-83_1.1	2	ADVANCED_MEDICAL
	DOC-86_1.1	1	SPELLING_ENTERTAINMENT_GROUP_INC.
	DOC-88_1.1	3	STEVEN_R._BERRARD
	DOC-89_1.1	2	WSMP_INC.
	DOC-96_1.1	1	R_._G_._BARRY_CORP.
	DOC-105_1.1	1	A.C._NIELSEN_CO.
	DOC-109_1.1	0	LEE_IACOCCA
	DOC-111_1.1	2	PLAZA_HOME_MORTGAGE_CORP.
	DOC-112_1.1	3	JACK_FRENCH
	DOC-118_1.1	5	ALEX_MANDL
	DOC-122_1.1	3	JERRE_STEAD
	DOC-125_1.1	3	JAMES_DIMON
	DOC-127_1.1	3	JOEL_POZNANSKY
	DOC-136_1.1	5	ROBERT_NAKASONE
	DOC-137_1.1	0	ROBERT_NAKASONE
	DOC-140_1.1	3	ANTHONY_F._EARLEY_JR.
	DOC-142_1.1	0	JOHN_E._LOBBIA
	DOC-144_1.1	2	DOLLAR_TIME
	DOC-145_1.1	0	RAYMOND_C._FOSTER_JR.
	DOC-147_1.1	2	E-SYSTEMS_INC.
	DOC-148_1.1	2	E-SYSTEMS_INC.
	DOC-156_1.1	3	FLOYD_D._GOTTWALD_JR.
	DOC-159_1.1	3	BRUCE_C._GOTTWALD
	DOC-160_1.1	0	MICHAEL_WALSH
	DOC-162_1.1	2	MADISON_GROUP_ASSOCIATES_INC.
	DOC-162_1.2	0	KENNETH_LUCAS
	DOC-165_1.1	2	MALLINCKRODT_GROUP_INC.
	DOC-169_1.1	2	HARSCO_CORP.
	DOC-170_1.1	3	PAUL_C._COPPOCK
	DOC-171_1.1	3	BARRETT_W._TAUSSIG
	DOC-172_1.1	2	TRINZIC_CORP.
	DOC-175_1.1	3	DAN_HEINE
	DOC-181_1.1	3	CARMELO_J._SANTORO
	DOC-183_1.1	0	ELI_OXENHORN
	DOC-184_1.1	3	REIJANE_HUAI
	DOC-187_1.1	2	PCS_INC.
	DOC-188_1.1	2	MYCOGEN_CORP.
	DOC-190_1.1	5	DONALD_E._MARTELLA
	DOC-194_1.1	2	NATIONAL_EDUCATION_CORP.
	DOC-198_1.1	0	GERALD_R._SMITH
	DOC-199_1.1	3	WARREN_WAGONER
	DOC-200_1.1	3	KEN-ICHI_OZAWA
	DOC-202_1.1	3	DAVID_SMITH
	DOC-204_1.1	2	HEALTHCARE_INTERNATIONAL_INC.
	DOC-207_1.1	3	NICHOLAS_MIHALAS
	DOC-209_1.1	2	MEDALIST_INDUSTRIES_INC.
	DOC-212_1.1	5	DAVID_B._MORSE
	DOC-215_1.1	3	JOSEPH_A._FRANKOVSKY
	DOC-217_1.1	5	DAVID_R._CRICHTON
	DOC-218_1.1	3	FRANK_M._ADAMS
	DOC-221_1.1	3	JOHN_BROWDER
	DOC-224_1.1	0	JOE_G._COYKENDALL
	DOC-225_1.1	3	LOUIS_T._ROSSO
	DOC-226_1.1	5	DONALD_B._DAHLIN
	DOC-227_1.1	5	DAVID_A._FLECK
	DOC-228_1.1	0	MARK_A._AGEE
	DOC-229_1.1	3	MARK_A._AGEE
	DOC-230_1.1	3	JOSEPH_W._SELDEN
	DOC-234_1.1	2	TRANSCANADA
	DOC-237_1.1	3	DICK_SCHROETER
	DOC-238_1.1	3	DENNIS_HEARN
	DOC-239_1.1	3	JOHN_HOLROYD
	DOC-245_1.1	2	COLUMBIA_SAVINGS_&_LOAN_ASSOCIATION
	DOC-247_1.1	3	CECIL_W._SEWELL
	DOC-249_1.1	3	WILLIAM_H._WILKERSON
	DOC-252_1.1	3	FRED_G._DHORMANN
	DOC-254_1.1	3	CHARLES_J._CHAPMAN
	DOC-255_1.1	3	RAYMOND_F._WRIGHT
	DOC-259_1.1	0	RUSSELL_SPRAGUE
	DOC-260_1.1	2	MCORP
	DOC-264_1.1	3	DEVENDRA_MISHRA
	DOC-266_1.1	2	LORILLARD_INC.
	DOC-273_1.1	3	BARRIE_SIMON
	DOC-274_1.1	2	NATIONAL_EDUCATION_CORP.
	DOC-276_1.1	3	H._DAVID_BRIGHT
	DOC-280_1.1	3	K._PHILIP_HWANG
	DOC-282_1.1	2	VOTRAX_INC.
	DOC-290_1.1	3	ARTHUR_KIRSCH
	DOC-291_1.1	3	RICHARD_L._SANDOR
	DOC-293_1.1	3	STEPHEN_L._JOSEPH
	DOC-294_1.1	3	JOHN_F._BARD
	DOC-300_1.1	3	CHARLES_J._CHAPMAN
	DOC-303_1.1	3	MICHEL_GAUCHER
	DOC-304_1.1	5	JEAN-ROCH_VACHON
	DOC-306_1.1	1	F._LEE_JACQUETTE
	DOC-309_1.1	2	CHEMICAL_BANKING_CORP.
	DOC-314_1.1	0	NERIO_NESI
	DOC-315_1.1	2	GRANGES
	DOC-316_1.1	3	CHARLES_R._POTTENGER
	DOC-320_1.1	2	PAINEWEBBER_INC.
	DOC-323_1.1	2	SMITH_LABORATORIES_INC.
	DOC-326_1.1	2	DREXEL_BURNHAM_LAMBERT_GROUP
	DOC-330_1.1	2	PAR_PHARMACEUTICAL_INC.
	DOC-331_1.1	0	ASHOK_PATEL
	DOC-333_1.1	3	JOSEPH_ETTORE
	DOC-335_1.1	2	AGENCY_RENT-A-CAR_INC.
	DOC-340_1.1	3	FRANK_J._PIZZITOLA
	DOC-341_1.1	3	RONALD_S._DUNGAN
	DOC-346_1.1	3	MITCHEL_ROSS
	DOC-347_1.1	3	JAY_FIALKOW
	DOC-348_1.1	3	FRANCIS_BRENNAN
	DOC-350_1.1	3	JULES_WINTERS
	DOC-351_1.1	2	COOKER_RESTAURANT_CORP.
	DOC-352_1.1	3	G._ARTHUR_SEELBINDER
	DOC-353_1.1	0	HORST_W._SCHROEDER
	DOC-358_1.1	3	ALEX_BALOGH
	DOC-359_1.1	2	KAYDON_CORP.
	DOC-363_1.1	3	STEPHEN_W._NAGY
	DOC-365_1.1	2	AMERICAN_HEALTHCARE_MANAGEMENT_INC.
	DOC-368_1.1	3	ROBERT_PESARO
	DOC-371_1.1	0	RICHARD_P._ARNOLD
	DOC-376_1.1	3	J_._E_._NEWALL
	DOC-377_1.1	5	JEFFREY_P._GOTSCHALL
	DOC-379_1.1	2	NEWSWEEK_INC.
	DOC-382_1.1	2	NOMURA_SECURITIES_CO.
	DOC-386_1.1	3	PETER_RAWLINS
	DOC-387_1.1	3	DANIEL_P._KEARNEY
	DOC-389_1.1	3	R._EDWARD_GLOVER
	DOC-393_1.1	2	OPINION_RESEARCH_CORP.
	DOC-396_1.1	3	J._PATRICK_KERICH
	DOC-398_1.1	0	MICHAEL_BLAIR
	DOC-400_1.1	2	PATHE_COMMUNICATIONS_CORP.
	DOC-402_1.1	3	JOSEPH_K._TAUSSIG
	DOC-403_1.1	3	RONALD_M._CRESSWELL
	DOC-404_1.1	3	PEDRO_CUATRECASAS
	DOC-407_1.1	3	THOMAS_M._HYATT
	DOC-408_1.1	3	R._CLIVE_BROWN
	DOC-411_1.1	3	NORMA_J._ARNOLD
	DOC-415_1.1	2	JEFFERIES_GROUP_INC.
	DOC-417_1.1	3	SANDY_LINCOLN
	DOC-420_1.1	3	TAKESHI_ITOH
	DOC-427_1.1	2	DRUG_EMPORIUM_INC.
	DOC-428_1.1	3	ROBERT_E._LYONS_III
	DOC-429_1.1	5	KENNETH_J._THYGERSON
	DOC-431_1.1	3	SELWYN_B._KOSSUTH
	DOC-433_1.1	3	CARL_N._SINGER
	DOC-435_1.1	3	DAVID_D._LUNG
	DOC-437_1.1	3	PAUL_TANNER
	DOC-439_1.1	3	STEPHEN_N._WERTHEIMER
	DOC-441_1.1	3	ROBERT_M._JELENIC
	DOC-444_1.1	0	THOMAS_L._RINGER
	DOC-447_1.1	3	STEVEN_C._WALKER
	DOC-448_1.1	3	CHARLES_S._MITCHELL
	DOC-449_1.1	1	CAPITAL_HOLDING_CORP.
	DOC-451_1.1	3	ROBERT_A._OSWALD
	DOC-453_1.1	5	DAVID_NASH
	DOC-456_1.1	3	RONALD_B._KOENIG
	DOC-459_1.1	3	ALBERT_FRIED_JR.
	DOC-460_1.1	0	JOHN_B._CURCIO
	DOC-463_1.1	0	JOHN_AKE
	DOC-465_1.1	3	BERTIN_NADEAU
	DOC-469_1.1	3	CALLUM_MCCARTHY
	DOC-471_1.1	5	STEPHEN_A._CRANE
	DOC-472_1.1	3	C_._B_._ROGERS_JR.
	DOC-477_1.1	2	CELLULAR
	DOC-478_1.1	3	MICHAEL_GROBSTEIN
	DOC-481_1.1	2	AMERICAN_FEDERAL_SAVINGS_BANK_OF_DUVAL_COUNTY
	DOC-482_1.1	3	NORMAN_J._HARRISON
	DOC-483_1.1	5	ROGER_L._SUTTON
	DOC-484_1.1	3	KERRY_P._CHARLET
	DOC-485_1.1	3	D._JOSEPH_CORR
	DOC-490_1.1	2	REUTERS_HOLDINGS_PLC
	DOC-493_1.1	3	PETER_HOLLAND
	DOC-495_1.1	3	EDWARD_L._KANE
	DOC-498_1.1	3	ROBERT_A._SAVAGE
	DOC-501_1.1	0	FRANCOIS_LUGEON
	DOC-504_1.1	3	THOMAS_W._BOSWELL
	DOC-506_1.1	3	JOHN_W._REECE
	DOC-508_1.1	0	JOHN_J._HUDIBURG
	DOC-509_1.1	3	ROBERT_E._TALLON
	DOC-510_1.1	2	FIRST_AMERICAN_CORP.
	DOC-511_1.1	0	CHRISTOPHER_HENNEY
	DOC-512_1.1	3	JOHN_J._NEVIN
	DOC-513_1.1	5	GEORGE_W._AUCOTT
	DOC-514_1.1	3	THOMAS_P._ROMIG
	DOC-526_1.1	0	DAVID_KALIS
	DOC-533_1.1	2	ABBOTT_LABORATORIES
	DOC-534_1.1	2	KIDDER
	DOC-536_1.1	3	JEFFREY_W._DENTZ
	DOC-538_1.1	2	AMES
	DOC-539_1.1	5	ROBERT_C._BRUMMER
	DOC-540_1.1	2	MEDSTONE_INTERNATIONAL_INC.
	DOC-541_1.1	2	MEDSTONE_INTERNATIONAL_INC.
	DOC-543_1.1	2	CONTEL_CORP.
	DOC-544_1.1	3	DAVID_WOLF
	DOC-545_1.1	3	MICHAEL_G._REPOLI
	DOC-547_1.1	5	JOSEPH_W._MARSHALL
	DOC-548_1.1	0	HARRY_W._TODD
	DOC-550_1.1	2	TELOS_CORP.
	DOC-551_1.1	5	LIN_CONGER
	DOC-554_1.1	3	RICHARD_W._MILLER
	DOC-555_1.1	3	CHARLES_E._SHULTZ
	DOC-558_1.1	3	H._PATRICK_JACK
	DOC-559_1.1	0	IRVING_LUDMER
	DOC-560_1.1	0	ARNOLD_STEINBERG
	DOC-561_1.1	0	FEDERICO_MINOLI
	DOC-564_1.1	0	WILLIAM_GAINES
	DOC-565_1.1	0	WILLIAM_GAINES
	DOC-566_1.1	0	JOSEPH_E._SOUCCAR
	DOC-567_1.1	3	T._OSCAR_STRANGELAND
	DOC-570_1.1	0	THOMAS_W._FIELD
	DOC-571_1.1	5	NEIL_E._HARLAN
	DOC-572_1.1	5	OVE_SORENSEN
	DOC-573_1.1	2	ACTION_INDUSTRIES_INC.
	DOC-574_1.1	2	ACTION_INDUSTRIES_INC.
	DOC-574_1.5	2	E_MERCHANDISING_CORP.
	DOC-575_1.1	3	JACK_FUTTERMAN
	DOC-580_1.1	3	MICHAEL_BLAIR
	DOC-581_1.1	3	KENNETH_A._GOLDMAN
	DOC-582_1.1	5	J._MURFREE_BUTLER
	DOC-583_1.1	0	ROBERT_W._SAMUELS
	DOC-584_1.1	3	ARTHUR_KAUFMAN
	DOC-586_1.1	2	CAPITAL_CITIES/ABC
	DOC-589_1.1	1	AMDURA_CORP.
	DOC-590_1.1	2	APPLE_COMPUTER_INC.
	DOC-594_1.1	0	NEAL_GARONZIK
	DOC-597_1.1	5	M._JOHN_BOHANE
	DOC-598_1.1	5	KENNETH_A._GORDON
	DOC-604_1.1	0	HANS_W._KOPP
	DOC-606_1.1	0	RICHARD_L._SCHALL
	DOC-607_1.1	0	LOUIS_J._LAWRENCE_JR.
	DOC-608_1.1	3	DONALD_O._DULUDE
	DOC-609_1.1	3	THOMAS_B._PITCHER
	DOC-612_1.1	0	KEITH_F._PINSONEAULT
	DOC-616_1.1	3	STANLEY_BECK
	DOC-626_1.1	3	ANTHONY_D._DERCK
	DOC-631_1.1	2	DIGITAL_EQUIPMENT_CORP.
	DOC-635_1.1	1	Z._LOU_GUTTMAN
	DOC-636_1.1	0	JOEL_WEINER
	DOC-638_1.1	3	TOM_MONROE
	DOC-640_1.1	3	RUSSELL_C._MCLAUCHLAN
	DOC-642_1.1	3	RAY_BRUNNER
	DOC-644_1.1	2	BRISTOL-MYERS_SQUIBB_CO.
	DOC-646_1.1	3	ANTONIO_L._SAVOCA
	DOC-650_1.1	5	ROBERT_D._PASTER
	DOC-651_1.1	2	BEARINGS_INC.
	DOC-652_1.1	3	GEORGE_L._LAMORE
	DOC-653_1.1	5	JOHN_C._DANNEMILLER
	DOC-656_1.1	3	MICHAEL_A._GASKIN
	DOC-660_1.1	5	THOMAS_H._JOHNSON
	DOC-661_1.1	3	THOMAS_E._MEADOR
	DOC-663_1.1	2	PAR_PHARMACEUTICAL_INC.
	DOC-672_1.1	5	ROBERT_L._WOOD
	DOC-673_1.1	1	NATIONAL_MEDICAL_CARE_INC.
	DOC-673_1.2	2	DELMED
	DOC-676_1.1	5	BEN_LIPPS
	DOC-677_1.1	5	HALE_MILGRIM
	DOC-679_1.1	0	ARTHUR_PRICE
	DOC-681_1.1	2	SFE_TECHNOLOGIES
	DOC-682_1.1	1	JEROME_J._JAHN
	DOC-683_1.1	0	ERWIN_TOMASH
	DOC-684_1.1	0	RAYMOND_E._ROSS
	DOC-687_1.1	5	STEPHEN_AKERFELDT
	DOC-699_1.1	3	DANIEL_GLASS
	DOC-702_1.1	2	QVC_NETWORK_INC.
	DOC-706_1.1	3	RICHARD_C._BARTLETT
	DOC-709_1.1	2	EVERGREEN
	DOC-711_1.1	3	MARTIN_BELL
	DOC-712_1.1	3	RAYMOND_RASMUSSEN
	DOC-714_1.1	2	FEDERAL_EXPRESS_CORP.
	DOC-716_1.1	3	JON_W._SLANGERUP
	DOC-719_1.1	2	INTERNATIONAL_BUSINESS_MACHINES_CORP.
	DOC-730_1.1	2	ARTISOFT_INC.
	DOC-731_1.1	3	WILLIAM_C._KEIPER
	DOC-732_1.1	2	FIRST_FIDELITY_BANCORP
	DOC-733_1.1	3	THOMAS_H._O'BRIEN_JR.
	DOC-735_1.1	3	TONY_TERRACIANO
	DOC-739_1.1	2	PRICE_WATERHOUSE
	DOC-742_1.1	1	WESTINGHOUSE_ELECTRIC_CORP.
	DOC-746_1.1	2	GENRAD_INC.
	DOC-750_1.1	0	MILTON_PETRIE
	DOC-751_1.1	3	THOMAS_E._SPOCK
	DOC-755_1.1	0	RICHARD_J._MARKHAM
	DOC-756_1.1	0	VAUGHN_D._BRYSON
	DOC-757_1.1	0	PAUL_W._STERN
	DOC-766_1.1	2	WASHINGTON_POST_CO.
	DOC-767_1.1	2	WASHINGTON_POST_CO.
	DOC-769_1.1	3	ALAN_G._SPOON
	DOC-770_1.1	2	HADSON_ENERGY_RESOURCES_CORP.
	DOC-772_1.1	0	LOUIS_ROSSO
	DOC-773_1.1	1	LOUIS_ROSSO
	DOC-775_1.1	3	MICHAEL_T._O'NEILL
	DOC-776_1.1	2	SYSTEMHOUSE
	DOC-780_1.1	1	METRO-GOLDWYN-MAYER_INC.
	DOC-783_1.1	3	FREDERICK_L._CULLEN
	DOC-796_1.1	1	BOC
	DOC-799_1.1	2	SCANDINAVIAN_AIRLINES_SYSTEM
	DOC-803_1.1	2	MECHANICAL_TECHNOLOGY_INC.
	DOC-807_1.1	3	LINDA_GRIEGO
	DOC-811_1.1	2	XEROX_CORP.
	DOC-817_1.1	5	MAURICE_ANDRIEN
	DOC-818_1.1	5	STEPHAN_W._COLE
	DOC-823_1.1	3	DOUGLAS_E._EBERT
	DOC-827_1.1	2	NANTUCKET
	DOC-834_1.1	0	RON_K._GLOVER
	DOC-836_1.1	2	BURNS_FRY_LTD.
	DOC-838_1.1	1	PAUL_G._ALLEN
Cluster 3
	DOC-17_1.2	4	DIRECTOR_GENERAL
	DOC-45_1.3	1	ADVERTISING_SALES_DIRECTOR
	DOC-54_1.2	4	HEAD
	DOC-57_1.2	4	HEAD_OF_INSTITUTIONAL_EQUITY_SALES
	DOC-64_1.3	4	CHAIRMAN_AND_CHIEF_EXECUTIVE
	DOC-65_1.2	1	CO-CHAIRMAN
	DOC-68_1.3	4	CHAIRMAN
	DOC-70_1.7	1	CO-CHAIRMEN
	DOC-75_1.2	4	PRESIDENT_AND_CHIEF_OPERATING_OFFICER
	DOC-76_1.3	4	VICE_PRESIDENT_AND_CHIEF_FINANCIAL_OFFICER
	DOC-77_1.3	1	VICE_PRESIDENT_,_PLANNING_,_A_NEW_POST
	DOC-82_1.4	1	CHIEF_FINANCIAL_OFFICER
	DOC-83_1.3	4	CO-CHAIRMAN
	DOC-86_1.3	4	CHAIRMAN_AND_CHIEF_EXECUTIVE_OFFICER
	DOC-87_1.2	4	VICE_CHAIRMAN
	DOC-88_1.4	4	PRESIDENT_,_CHIEF_EXECUTIVE
	DOC-92_1.4	4	CHAIRMAN
	DOC-93_1.1	4	CHAIRMAN
	DOC-93_1.3	4	DEPUTY_CHAIRMAN
	DOC-97_1.1	4	CHIEF_FINANCIAL_OFFICER
	DOC-99_1.2	1	CHAIRMAN
	DOC-100_1.4	4	CHAIRMAN
	DOC-101_1.3	4	CHAIRMAN
	DOC-102_1.2	4	CHIEF_EXECUTIVE
	DOC-103_1.2	4	CHIEF_EXECUTIVE_OFFICER
	DOC-104_1.2	4	CHAIRMAN
	DOC-106_1.2	4	PRESIDENT_AND_CHIEF_OPERATING_OFFICER
	DOC-107_1.2	4	VICE_CHAIRMEN
	DOC-111_1.3	4	PRESIDENT_AND_CHIEF_OPERATING_OFFICER
	DOC-116_1.3	4	CHIEF_OPERATING_OFFICER
	DOC-117_1.4	4	EXECUTIVE_VICE_PRESIDENT
	DOC-118_1.5	4	HEAD
	DOC-120_1.1	4	EXECUTIVE_VICE_PRESIDENT
	DOC-121_1.4	4	EXECUTIVE_VICE_PRESIDENT
	DOC-122_1.5	4	EXECUTIVE_VICE_PRESIDENT
	DOC-126_1.4	4	CHIEF_ADMINISTRATIVE_OFFICER
	DOC-127_1.3	4	PRESIDENT_AND_CHIEF_EXECUTIVE_OFFICER
	DOC-127_1.5	4	SENIOR_VICE_PRESIDENT
	DOC-129_1.2	4	CHAIRMAN
	DOC-130_1.2	4	CHAIRMAN_AND_CEO
	DOC-131_1.3	4	CHAIRMAN_AND_CEO
	DOC-132_1.4	4	CHAIRMAN
	DOC-133_1.2	4	CHAIRMAN_AND_CEO
	DOC-134_1.2	4	CHIEF_OPERATING_OFFICER
	DOC-135_1.3	4	CHIEF_EXECUTIVE_OFFICER
	DOC-136_1.3	4	PRESIDENT_AND_CHIEF_OPERATING_OFFICER
	DOC-140_1.2	4	PRESIDENT_,_CHIEF_OPERATING_OFFICER
	DOC-142_1.4	1	CHAIRMAN_AND_CHIEF_EXECUTIVE_OFFICER
	DOC-143_1.5	4	CHIEF_EXECUTIVE_AND_PRESIDENT
	DOC-144_1.4	4	PRESIDENT
	DOC-146_1.4	4	PRESIDENT_AND_CHIEF_OPERATING_OFFICER
	DOC-147_1.3	4	CHIEF_EXECUTIVE_OFFICER
	DOC-148_1.3	4	CHAIRMAN
	DOC-149_1.1	1	PRESIDENT_AND_CHIEF_OPERATING_OFFICER
	DOC-149_1.4	4	CEO
	DOC-150_1.3	4	CHAIRMAN
	DOC-151_1.2	4	CHAIRMAN
	DOC-152_1.3	4	PRESIDENT_AND_GENERAL_MANAGER
	DOC-153_1.2	4	CHIEF_EXECUTIVE
	DOC-154_1.3	4	CONTROLLER
	DOC-160_1.2	4	CHIEF_EXECUTIVE_OFFICER
	DOC-162_1.5	4	INTERIM_PRESIDENT
	DOC-163_1.2	4	CHIEF_EXECUTIVE_OFFICER
	DOC-164_1.2	4	CHIEF_EXECUTIVE
	DOC-165_1.5	4	SENIOR_VICE_PRESIDENT_AND_CHIEF_FINANCIAL_OFFICER
	DOC-166_1.2	4	CHIEF_EXECUTIVE_OFFICER
	DOC-167_1.2	4	CHIEF_EXECUTIVE
	DOC-168_1.3	4	CHIEF_OPERATING_OFFICER
	DOC-170_1.2	4	SENIOR_VICE_PRESIDENT_,_SECRETARY_CHIEF_ADMINISTRATIVE_OFFICER
	DOC-171_1.2	4	SENIOR_VICE_PRESIDENT_AND_CHIEF_OPERATING_OFFICER
	DOC-174_1.4	4	PRESIDENT_AND_CHIEF_OPERATING_OFFICER
	DOC-175_1.3	4	CHAIRMAN_AND_CHIEF_EXECUTIVE_OFFICER
	DOC-177_1.3	4	CHAIRMAN_AND_CEO
	DOC-178_1.1	1	CHAIRMAN
	DOC-179_1.1	4	CHAIRMAN
	DOC-181_1.2	4	INTERIM_CHIEF_EXECUTIVE
	DOC-182_1.3	4	CHAIRMAN
	DOC-187_1.3	4	PRESIDENT_AND_CHIEF_EXECUTIVE_OFFICER
	DOC-188_1.3	4	CHAIRMAN
	DOC-189_1.5	4	CHAIRMAN
	DOC-190_1.3	4	PRESIDENT_AND_CHIEF_EXECUTIVE_OFFICER
	DOC-191_1.2	4	CHAIRMAN
	DOC-192_1.2	4	CHAIRMAN
	DOC-193_1.3	4	CHAIRMAN
	DOC-194_1.3	4	PRESIDENT
	DOC-194_1.4	4	CHIEF_OPERATING_OFFICER
	DOC-197_1.3	4	CHAIRMAN
	DOC-197_1.4	4	CHIEF_EXECUTIVE
	DOC-199_1.2	4	PRESIDENT
	DOC-200_1.4	4	VICE_CHAIRMAN
	DOC-202_1.2	4	CHIEF_EXECUTIVE_OFFICER
	DOC-203_1.4	4	SENIOR_VICE_PRESIDENT
	DOC-204_1.4	4	PRESIDENT
	DOC-208_1.1	4	VICE_CHAIRMAN
	DOC-208_1.3	4	VICE_CHAIRMAN
	DOC-209_1.3	4	CHAIRMAN_,_PRESIDENT_AND_CHIEF_EXECUTIVE_OFFICER
	DOC-210_1.5	1	PRESIDENT_AND_CHIEF_EXECUTIVE
	DOC-212_1.2	4	CHAIRMAN
	DOC-212_1.3	4	CHAIRMAN
	DOC-213_1.4	4	PRESIDENT_AND_CHIEF_OPERATING_OFFICER
	DOC-214_1.2	4	CHAIRMAN
	DOC-217_1.4	4	EXECUTIVE_VICE_PRESIDENT_,_OPERATIONS
	DOC-218_1.4	4	PRESIDENT_AND_CHIEF_OPERATING_OFFICER
	DOC-219_1.1	4	PRESIDENT
	DOC-221_1.2	4	PRESIDENT_AND_CHIEF_EXECUTIVE
	DOC-225_1.2	1	PRESIDENT_AND_CHIEF_EXECUTIVE_OFFICER
	DOC-226_1.3	4	SENIOR_EXECUTIVE_VICE_PRESIDENT
	DOC-227_1.4	4	EXECUTIVE_VICE_PRESIDENT_AND_CHIEF_OPERATING_OFFICER
	DOC-228_1.2	4	PRESIDENT
	DOC-229_1.2	4	CHAIRMAN
	DOC-230_1.3	4	INTERIM_PRESIDENT
	DOC-231_1.2	4	CHIEF_OPERATING_OFFICER
	DOC-234_1.3	4	PRESIDENT
	DOC-237_1.5	4	VICE_PRESIDENT_AND_CONTROLLER
	DOC-239_1.2	1	HEAD
	DOC-241_1.2	4	EXECUTIVE_VICE_PRESIDENT
	DOC-244_1.3	4	EXECUTIVE_VICE_PRESIDENT
	DOC-247_1.3	4	PRESIDENT
	DOC-248_1.2	4	PRESIDENT
	DOC-249_1.3	4	PRESIDENT
	DOC-250_1.2	4	DEPUTY_CHAIRMAN
	DOC-253_1.2	1	CHAIRMAN
	DOC-254_1.2	4	EXECUTIVE_VICE_PRESIDENT
	DOC-254_1.4	4	PRESIDENT
	DOC-255_1.2	4	SENIOR_VICE_PRESIDENT_AND_CHIEF_FINANCIAL_OFFICER
	DOC-258_1.2	4	CHAIRMAN_AND_CHIEF_EXECUTIVE_OFFICER
	DOC-260_1.5	4	CHIEF_EXECUTIVE_OFFICER
	DOC-264_1.2	4	EXECUTIVE_VICE_PRESIDENT
	DOC-266_1.4	4	CHAIRMAN_AND_CHIEF_EXECUTIVE_OFFICER
	DOC-267_1.1	4	CHIEF_EXECUTIVE
	DOC-267_1.4	1	PRESIDENT
	DOC-271_1.2	4	CHAIRMAN_AND_CHIEF_FINANCIAL_OFFICER
	DOC-272_1.2	4	CHAIRMAN
	DOC-274_1.2	4	PRESIDENT
	DOC-274_1.4	4	PRESIDENT_AND_CHIEF_OPERATING_OFFICER
	DOC-275_1.2	4	PRESIDENT
	DOC-276_1.4	4	PRESIDENT
	DOC-277_1.2	4	CHAIRMAN
	DOC-279_1.2	4	SENIOR_VICE_PRESIDENT_,_GENERAL_COUNSEL_AND_SECRETARY
	DOC-285_1.1	4	PRESIDENT
	DOC-288_1.3	4	PRESIDENT
	DOC-289_1.4	4	PRESIDENT
	DOC-290_1.2	4	EXECUTIVE_VICE_PRESIDENT
	DOC-291_1.2	4	EXECUTIVE_VICE_PRESIDENT
	DOC-292_1.3	4	CHAIRMAN
	DOC-293_1.3	4	HEAD_OF_A_NEWLY_CREATED_COMMERCIAL_REAL_ESTATE_DEPARTMENT
	DOC-294_1.2	4	PRESIDENT_AND_CHIEF_OPERATING_OFFICER
	DOC-296_1.2	4	CHAIRMAN_,_PRESIDENT_AND_CHIEF_EXECUTIVE
	DOC-297_1.2	4	CHAIRMAN_AND_CHIEF_EXECUTIVE
	DOC-298_1.2	4	PRESIDENT
	DOC-300_1.2	4	EXECUTIVE_VICE_PRESIDENT_OF_THE_PARENT_AND_PRESIDENT
	DOC-301_1.2	4	PRESIDENT
	DOC-302_1.2	4	PRESIDENT_,_CHIEF_EXECUTIVE
	DOC-303_1.2	4	CHAIRMAN_AND_CHIEF_EXECUTIVE_OFFICER
	DOC-303_1.4	1	CHAIRMAN
	DOC-304_1.4	4	PRESIDENT_AND_CHIEF_OPERATING_OFFICER
	DOC-305_1.3	4	PRESIDENT_AND_CHIEF_FINANCIAL_OFFICER
	DOC-306_1.4	4	PRESIDENT
	DOC-307_1.2	4	PRESIDENT_AND_CHIEF_EXECUTIVE
	DOC-309_1.3	4	PRESIDENT_AND_CHIEF_EXECUTIVE_OFFICER
	DOC-310_1.2	4	CHAIRMAN
	DOC-311_1.2	4	PRESIDENT
	DOC-312_1.2	4	VICE_CHAIRMAN
	DOC-317_1.2	4	EXECUTIVE_VICE_PRESIDENT
	DOC-319_1.3	4	CHAIRMAN
	DOC-320_1.3	4	MANAGING_DIRECTOR
	DOC-323_1.5	1	CHAIRMAN
	DOC-324_1.3	4	PRESIDENT
	DOC-326_1.3	4	CHAIRMAN
	DOC-327_1.3	4	CHAIRMAN
	DOC-330_1.3	4	SENIOR_VICE_PRESIDENT
	DOC-332_1.2	4	PRESIDENT
	DOC-333_1.2	4	PRESIDENT_,_CHIEF_OPERATING_OFFICER
	DOC-335_1.4	4	CHIEF_FINANCIAL_OFFICER
	DOC-336_1.2	4	EXECUTIVE_VICE_PRESIDENT
	DOC-337_1.2	4	VICE_PRESIDENT_OF_CORPORATE_DEVELOPMENT
	DOC-338_1.2	4	PRESIDENT_AND_CHIEF_FINANCIAL_OFFICER
	DOC-341_1.2	4	PRESIDENT_AND_CHIEF_EXECUTIVE
	DOC-342_1.3	4	VICE_PRESIDENT
	DOC-343_1.2	4	PRESIDENT
	DOC-345_1.2	4	HEAD
	DOC-346_1.3	1	CHIEF_EXECUTIVE_OFFICER
	DOC-347_1.2	4	CHAIRMAN
	DOC-349_1.5	4	PRESIDENT_AND_CHIEF_OPERATING_OFFICER
	DOC-351_1.3	4	PRESIDENT
	DOC-354_1.2	4	PRESIDENT_AND_CHIEF_OPERATING_OFFICER
	DOC-355_1.2	4	PRESIDENT_AND_CHIEF_OPERATING_OFFICER
	DOC-357_1.2	4	CHIEF_FINANCIAL_OFFICER
	DOC-358_1.2	4	PRESIDENT
	DOC-359_1.3	4	CHAIRMAN
	DOC-361_1.2	4	PRESIDENT_AND_CHIEF_OPERATING_OFFICER
	DOC-363_1.2	4	SENIOR_VICE_PRESIDENT_OF_FINANCE_AND_CHIEF_FINANCIAL_OFFICER
	DOC-366_1.3	4	PRESIDENT
	DOC-367_1.2	4	PRESIDENT_OF_THE_MAKER_OF_UPHOLSTERY_FABRICS
	DOC-368_1.2	4	CHAIRMAN
	DOC-370_1.3	4	PRESIDENT_AND_CHIEF_EXECUTIVE_OFFICER
	DOC-371_1.2	4	PRESIDENT_AND_CHIEF_FINANCIAL_OFFICER
	DOC-372_1.2	4	CHAIRMAN_AND_CHIEF_EXECUTIVE_OFFICER
	DOC-375_1.2	4	VICE_PRESIDENT_,_CHEMICALS_AND_PIGMENTS
	DOC-376_1.5	4	VICE_PRESIDENT_,_INTERNATIONAL
	DOC-377_1.5	4	PRESIDENT_AND_CHIEF_OPERATING_OFFICER
	DOC-378_1.3	1	CHIEF_EXECUTIVE_OFFICER
	DOC-379_1.5	4	VICE_CHAIRMAN
	DOC-381_1.4	4	PRESIDENT
	DOC-382_1.5	4	CO-CHAIRMAN
	DOC-383_1.2	4	CO-CHAIRMAN
	DOC-384_1.1	4	CO-CHAIRMAN
	DOC-386_1.3	4	CHIEF_EXECUTIVE_OFFICER
	DOC-387_1.2	4	PRESIDENT_AND_CHIEF_EXECUTIVE_OFFICER
	DOC-392_1.2	4	PRESIDENT_OF_THE_AGENCY
	DOC-393_1.3	4	PRESIDENT_AND_CHIEF_EXECUTIVE_OFFICER
	DOC-394_1.2	4	PRESIDENT_AND_CHIEF_EXECUTIVE
	DOC-396_1.2	4	CHAIRMAN_AND_CHIEF_EXECUTIVE_OFFICER
	DOC-397_1.2	4	VICE_PRESIDENT
	DOC-398_1.2	4	PRESIDENT_AND_CHIEF_EXECUTIVE_OFFICER
	DOC-399_1.4	4	CHAIRMAN
	DOC-401_1.2	4	CHIEF_EXECUTIVE_OFFICER
	DOC-404_1.2	4	PRESIDENT_OF_THE_DIVISION
	DOC-406_1.2	4	SENIOR_VICE_PRESIDENT
	DOC-407_1.4	4	CHIEF_FINANCIAL_OFFICER_AND_EXECUTIVE_VICE_PRESIDENT_,_FINANCE_AND_ADMINISTRATION
	DOC-408_1.2	4	PRESIDENT
	DOC-410_1.2	4	PRESIDENT
	DOC-411_1.2	4	SENIOR_VICE_PRESIDENT
	DOC-416_1.2	4	PRESIDENT
	DOC-417_1.2	4	PRESIDENT
	DOC-420_1.2	4	VICE_PRESIDENT
	DOC-421_1.1	1	EXECUTIVE_VICE_PRESIDENT
	DOC-422_1.2	4	GENERAL_MANAGER
	DOC-424_1.3	4	CHAIRMAN
	DOC-427_1.4	4	CHIEF_EXECUTIVE_OFFICER
	DOC-428_1.2	4	PRESIDENT_AND_CHIEF_OPERATING_OFFICER
	DOC-431_1.2	4	EXECUTIVE_DIRECTOR_OF_THE_COMMISSION
	DOC-433_1.2	4	CHAIRMAN
	DOC-435_1.2	4	PRESIDENT_AND_CHIEF_OPERATING_OFFICER
	DOC-436_1.1	4	PRESIDENT
	DOC-437_1.2	4	PRESIDENT_,_CHIEF_EXECUTIVE_OFFICER_AND_CHAIRMAN
	DOC-439_1.2	4	MANAGING_DIRECTOR_AND_GROUP_HEAD
	DOC-441_1.2	4	PRESIDENT
	DOC-443_1.2	4	EXECUTIVE_VICE_PRESIDENT_,_TREASURER_AND_CHIEF_FINANCIAL_OFFICER
	DOC-444_1.2	4	CHAIRMAN_,_CHIEF_EXECUTIVE
	DOC-446_1.7	4	CHAIRMAN
	DOC-447_1.3	4	PRESIDENT_,_CHIEF_EXECUTIVE_OFFICER
	DOC-448_1.5	4	PRESIDENT
	DOC-452_1.4	4	ASSISTANT_CHIEF_FINANCIAL_OFFICER_AND_A_SENIOR_VICE_PRESIDENT_OF_THE_PARENT_COMPANY
	DOC-456_1.2	4	SENIOR_MANAGING_DIRECTOR
	DOC-457_1.1	4	CO-CHAIRMAN
	DOC-458_1.3	4	CO-CHAIRMAN
	DOC-459_1.2	4	CHAIRMAN
	DOC-460_1.2	4	CHAIRMAN
	DOC-461_1.3	4	CHIEF_EXECUTIVE_OFFICER
	DOC-462_1.2	4	VICE_PRESIDENT
	DOC-465_1.2	4	CHAIRMAN_AND_INTERIM_CHIEF_EXECUTIVE
	DOC-467_1.3	4	DEPUTY_CHAIRMAN
	DOC-470_1.4	4	CHAIRMAN
	DOC-471_1.3	4	PRESIDENT_AND_CHIEF_EXECUTIVE
	DOC-472_1.2	4	CHIEF_EXECUTIVE_OFFICER
	DOC-474_1.4	1	PRESIDENT
	DOC-478_1.2	4	VICE_CHAIRMAN
	DOC-481_1.3	4	PRESIDENT_,_CHIEF_EXECUTIVE_AND_CHIEF_OPERATING_OFFICER
	DOC-482_1.3	4	CHIEF_EXECUTIVE
	DOC-483_1.3	4	PRESIDENT_AND_CHIEF_OPERATING_OFFICER
	DOC-486_1.2	4	PRESIDENT
	DOC-487_1.1	1	CHIEF_EXECUTIVE_OFFICER
	DOC-490_1.3	4	GENERAL_MANAGER
	DOC-494_1.2	4	CHAIRMAN_,_PRESIDENT_AND_CHIEF_EXECUTIVE
	DOC-495_1.3	4	CHAIRMAN
	DOC-498_1.2	4	PRESIDENT_AND_CHIEF_EXECUTIVE_OFFICER
	DOC-500_1.2	4	CHAIRMAN
	DOC-506_1.2	4	PRESIDENT_AND_CHIEF_OPERATING_OFFICER
	DOC-506_1.4	1	VICE_CHAIRMAN
	DOC-508_1.2	4	CHAIRMAN_AND_CHIEF_EXECUTIVE_OFFICER
	DOC-511_1.2	4	VICE_CHAIRMAN
	DOC-512_1.2	4	CHAIRMAN
	DOC-513_1.4	4	CHIEF_EXECUTIVE_OFFICER_AND_PRESIDENT
	DOC-514_1.2	4	SENIOR_VICE_PRESIDENT
	DOC-517_1.2	4	CHIEF_FINANCIAL_OFFICER_AND_SENIOR_VICE_PRESIDENT_,_FINANCE_AND_ADMINISTRATION
	DOC-519_1.3	4	CHAIRMAN
	DOC-521_1.2	1	VICE_CHAIRMAN
	DOC-521_1.5	4	PRESIDENT_AND_CHIEF_OPERATING_OFFICER
	DOC-525_1.6	4	CHAIRMAN
	DOC-527_1.2	4	CHAIRMAN
	DOC-533_1.3	4	PRESIDENT_AND_CHIEF_OPERATING_OFFICER
	DOC-535_1.3	4	PRESIDENT
	DOC-536_1.2	4	EXECUTIVE_VICE_PRESIDENT_OF_STORE_OPERATIONS
	DOC-539_1.6	4	SENIOR_VICE_PRESIDENT
	DOC-540_1.3	4	VICE_PRESIDENT
	DOC-541_1.3	4	PRESIDENT
	DOC-542_1.2	4	PRESIDENT
	DOC-544_1.2	4	CHIEF_OPERATING_OFFICER
	DOC-545_1.2	4	PRESIDENT_AND_CHIEF_EXECUTIVE_OFFICER
	DOC-547_1.3	4	CHAIRMAN_AND_CHIEF_EXECUTIVE_OFFICER
	DOC-549_1.3	4	CHIEF_OPERATING_OFFICER
	DOC-550_1.3	4	PRESIDENT_,_CHIEF_EXECUTIVE_OFFICER
	DOC-551_1.4	4	PRESIDENT_AND_CHIEF_EXECUTIVE
	DOC-551_1.5	4	PRESIDENT
	DOC-554_1.4	4	PRESIDENT_AND_CHIEF_OPERATING_OFFICER
	DOC-555_1.2	4	PRESIDENT_AND_CHIEF_OPERATING_OFFICER
	DOC-556_1.3	1	CHAIRMAN_AND_CHIEF_EXECUTIVE_OFFICER
	DOC-557_1.1	4	PRESIDENT_AND_CHIEF_EXECUTIVE_OFFICER
	DOC-558_1.2	4	VICE_PRESIDENT_OF_THIS_OIL_AND_NATURAL_GAS_EXPLORATION_AND_PRODUCTION_CONCERN
	DOC-569_1.2	4	PRESIDENT_AND_CHIEF_EXECUTIVE_OFFICER
	DOC-571_1.3	4	INTERIM_CHAIRMAN_AND_CHIEF_EXECUTIVE_OFFICER
	DOC-572_1.3	4	PRESIDENT_AND_CHIEF_EXECUTIVE_OFFICER
	DOC-574_1.3	4	PRESIDENT_,_CHIEF_OPERATING_OFFICER
	DOC-575_1.2	4	CHAIRMAN_AND_CHIEF_EXECUTIVE_OFFICER
	DOC-579_1.1	4	CHAIRMAN
	DOC-580_1.2	4	PRESIDENT
	DOC-581_1.2	4	CHIEF_FINANCIAL_OFFICER_,_VICE_PRESIDENT_OF_FINANCE_AND_ADMINISTRATION
	DOC-582_1.3	4	VICE_CHAIRMAN
	DOC-584_1.2	4	SENIOR_VICE_PRESIDENT
	DOC-586_1.3	4	PRESIDENT
	DOC-589_1.4	4	PRESIDENT_AND_CHIEF_EXECUTIVE_OFFICER
	DOC-590_1.3	4	EXECUTIVE_VICE_PRESIDENT
	DOC-591_1.2	4	SENIOR_VICE_PRESIDENT_OF_THE_PARENT_COMPANY
	DOC-592_1.4	4	CHIEF_OPERATING_OFFICER
	DOC-597_1.3	4	PRESIDENT
	DOC-598_1.3	4	PRESIDENT
	DOC-601_1.2	4	PRESIDENT
	DOC-604_1.3	4	VICE_PRESIDENT
	DOC-605_1.1	1	CHAIRMAN
	DOC-605_1.3	4	CHAIRMAN_AND_CHIEF_EXECUTIVE_OFFICER
	DOC-607_1.2	4	PRESIDENT_AND_CHIEF_OPERATING_OFFICER
	DOC-609_1.3	4	SENIOR_VICE_PRESIDENT_,_SECRETARY_TREASURER_AND_CHIEF_FINANCIAL_OFFICER
	DOC-610_1.3	4	PRESIDENT
	DOC-611_1.2	4	VICE_PRESIDENT
	DOC-612_1.2	4	PRESIDENT_AND_CHIEF_OPERATING_OFFICER
	DOC-613_1.2	4	CHAIRMAN
	DOC-614_1.4	4	CHAIRMAN
	DOC-616_1.2	4	VICE_CHAIRMAN
	DOC-617_1.2	4	VICE_CHAIRMAN
	DOC-618_1.2	4	PRESIDENT_AND_CHIEF_OPERATING_OFFICER
	DOC-621_1.5	4	EXECUTIVE_VICE_PRESIDENT_AND_CHAIRMAN
	DOC-624_1.3	4	CHAIRMAN
	DOC-626_1.2	4	PRESIDENT_AND_CHIEF_MERCHANDISING_OFFICER
	DOC-632_1.2	4	PRESIDENT
	DOC-637_1.2	4	GENERAL_MANAGER_AND_CHIEF_OPERATING_OFFICER
	DOC-638_1.2	4	CHAIRMAN_AND_CHIEF_CREATIVE_OFFICER
	DOC-639_1.4	4	PRESIDENT
	DOC-640_1.2	4	PRESIDENT_OF_THIS_BIOPHARMACEUTICAL_COMPANY
	DOC-643_1.2	4	CHAIRMAN
	DOC-645_1.2	4	PRESIDENT_AND_CHIEF_OPERATING_OFFICER
	DOC-646_1.2	4	PRESIDENT_AND_CHIEF_EXECUTIVE_OFFICER
	DOC-647_1.1	4	CHIEF_EXECUTIVE_OFFICER
	DOC-656_1.2	4	PRESIDENT_AND_CHIEF_EXECUTIVE_OFFICER
	DOC-657_1.4	4	PRESIDENT_AND_CHIEF_EXECUTIVE
	DOC-659_1.1	1	SENIOR_VICE_PRESIDENT
	DOC-660_1.4	4	PRESIDENT
	DOC-661_1.2	4	PRESIDENT_AND_CHIEF_OPERATING_OFFICER
	DOC-663_1.2	4	INTERIM_PRESIDENT_AND_CHIEF_EXECUTIVE_OFFICER
	DOC-664_1.2	4	CHAIRMAN
	DOC-664_1.4	4	CHAIRMAN
	DOC-667_1.2	4	PRESIDENT
	DOC-667_1.4	1	CHAIRMAN
	DOC-669_1.2	4	PRESIDENT
	DOC-670_1.2	4	SENIOR_VICE_PRESIDENT_OF_SALES
	DOC-671_1.3	4	PRESIDENT_AND_CHIEF_EXECUTIVE_OFFICER
	DOC-672_1.3	4	CHAIRMAN_AND_CHIEF_EXECUTIVE_OFFICER
	DOC-673_1.4	4	CHAIRMAN_,_PRESIDENT_AND_CHIEF_EXECUTIVE
	DOC-675_1.2	4	CHAIRMAN
	DOC-676_1.4	4	PRESIDENT_,_CHIEF_EXECUTIVE_AND_CHIEF_OPERATING_OFFICER
	DOC-677_1.4	4	PRESIDENT
	DOC-678_1.1	4	CHAIRMAN
	DOC-679_1.2	4	PRESIDENT_AND_CHIEF_EXECUTIVE_OFFICER
	DOC-680_1.3	4	CHAIRMAN
	DOC-681_1.3	4	CHAIRMAN
	DOC-685_1.1	4	SENIOR_VICE_PRESIDENT_,_INDUSTRIAL_SYSTEMS
	DOC-688_1.2	4	CHIEF_EXECUTIVE_OFFICER
	DOC-691_1.2	4	CHAIRMAN
	DOC-698_1.2	4	CHAIRMAN_AND_CHIEF_EXECUTIVE_OFFICER
	DOC-699_1.2	4	PRESIDENT_AND_CHIEF_EXECUTIVE_OFFICER
	DOC-702_1.3	4	CHAIRMAN_AND_CHIEF_EXECUTIVE_OFFICER
	DOC-709_1.3	4	PRESIDENT_AND_CHIEF_EXECUTIVE
	DOC-711_1.2	4	PRESIDENT_,_CEO_,_AND_CHAIRMAN
	DOC-712_1.2	4	CHAIRMAN_AND_CHIEF_EXECUTIVE_OFFICER
	DOC-713_1.2	4	CHAIRMAN_,_PRESIDENT_AND_CHIEF_EXECUTIVE
	DOC-714_1.5	4	SENIOR_VICE_PRESIDENT_,_EUROPE_,_AFRICA_AND_MEDITERRANEAN
	DOC-716_1.3	4	VICE_PRESIDENT_AND_GENERAL_MANAGER
	DOC-718_1.2	4	PRESIDENT_AND_CHIEF_EXECUTIVE_OFFICER
	DOC-724_1.2	1	VICE_CHAIRMAN
	DOC-724_1.3	4	CFO
	DOC-728_1.2	4	MANAGING_DIRECTOR
	DOC-731_1.2	1	PRESIDENT_AND_CHIEF_OPERATING_OFFICER
	DOC-732_1.2	4	PRESIDENT_AND_CHIEF_OPERATING_OFFICER
	DOC-735_1.4	4	CHIEF_EXECUTIVE
	DOC-737_1.3	4	PRESIDENT
	DOC-738_1.2	4	CHAIRMAN
	DOC-739_1.4	4	CO-CHAIRMAN
	DOC-742_1.5	1	CHIEF_EXECUTIVE_OFFICER
	DOC-744_1.4	4	CHIEF_EXECUTIVE
	DOC-746_1.3	4	PRESIDENT_,_CHIEF_EXECUTIVE_OFFICER
	DOC-747_1.3	4	PRESIDENT_AND_CHIEF_EXECUTIVE_OFFICER
	DOC-748_1.2	4	PRESIDENT_AND_CHIEF_EXECUTIVE_OFFICER
	DOC-749_1.2	4	PRESIDENT_AND_CHIEF_EXECUTIVE_OFFICER
	DOC-749_1.4	4	CHIEF_OPERATING_OFFICER
	DOC-750_1.3	1	CHAIRMAN
	DOC-754_1.2	4	EXECUTIVE_VICE_PRESIDENT_AND_CFO
	DOC-756_1.2	4	CHIEF_EXECUTIVE_OFFICER
	DOC-757_1.2	4	CHAIRMAN_AND_CEO
	DOC-758_1.2	4	CFO
	DOC-759_1.3	4	PRESIDENT_AND_CEO
	DOC-761_1.2	4	CHIEF_EXECUTIVE_AND_CO-CHAIRMAN
	DOC-766_1.3	4	CHAIRMAN
	DOC-770_1.5	4	CHAIRMAN_,_CHIEF_EXECUTIVE_OFFICER
	DOC-772_1.4	4	PRESIDENT
	DOC-774_1.2	4	CHIEF_FINANCIAL_OFFICER
	DOC-775_1.2	4	SENIOR_VICE_PRESIDENT_OF_COMMERCIAL_OPERATIONS
	DOC-778_1.3	1	VICE_CHAIRMAN
	DOC-783_1.3	4	CHAIRMAN
	DOC-786_1.2	4	VICE_PRESIDENT
	DOC-788_1.4	4	CHIEF_OPERATING_OFFICER_AND_INTERIM_CHIEF_FINANCIAL_OFFICER
	DOC-799_1.6	4	CHIEF_EXECUTIVE_OFFICER
	DOC-802_1.5	4	PRESIDENT
	DOC-803_1.3	4	PRESIDENT_AND_CHIEF_EXECUTIVE_OFFICER
	DOC-804_1.2	4	PRESIDENT_AND_CEO
	DOC-806_1.4	4	CHAIRMAN
	DOC-807_1.2	4	EXECUTIVE_DIRECTOR
	DOC-812_1.2	4	VICE_CHAIRMAN
	DOC-812_1.4	4	PRESIDENT_AND_CHIEF_OPERATING_OFFICER
	DOC-813_1.2	4	CHIEF_EXECUTIVE_OFFICER
	DOC-814_1.2	4	CHAIRMAN
	DOC-816_1.4	4	VICE_CHAIRMAN
	DOC-818_1.2	4	PRESIDENT
	DOC-818_1.4	4	CHIEF_OPERATING_OFFICER
	DOC-819_1.2	4	PRESIDENT
	DOC-822_1.3	1	CHAIRMAN
	DOC-829_1.2	4	VICE_CHAIRMAN
	DOC-830_1.3	4	INTERIM_CHAIRMAN_AND_CHIEF_EXECUTIVE_OFFICER
	DOC-834_1.2	4	PRESIDENT_AND_CHIEF_OPERATING_OFFICER
	DOC-836_1.3	4	EXECUTIVE_VICE_PRESIDENT
	DOC-837_1.2	4	PRESIDENT
	DOC-838_1.4	4	PRESIDENT_AND_CHIEF_EXECUTIVE_OFFICER
Cluster 4
	DOC-1_1.1	0	CARL_H._LINDNER
	DOC-2_1.1	0	ALLAN_J._BLOOSTEIN
	DOC-3_1.2	0	JOHN_H._COSTELLO
	DOC-5_1.1	0	PEHR_G._GYLLENHAMMAR
	DOC-8_1.1	0	WILLIAM_E._LADIN_JR.
	DOC-9_1.2	0	JAMES_BOWDEN
	DOC-10_1.2	0	ALLEN_R._MORRIS
	DOC-11_1.1	0	HAROLD_EZELL
	DOC-12_1.3	0	ANTHEA_DISNEY
	DOC-13_1.2	0	PETER_J._PERKINSON
	DOC-16_1.1	0	JOHN_HOLZBERG
	DOC-19_1.1	0	ALBERT_HOLGERSON_JR.
	DOC-20_1.2	0	FRED_CASEY
	DOC-22_1.2	0	GERARD_SMITH
	DOC-24_1.2	0	JEFFREY_KNIGHT
	DOC-25_1.1	0	WILLIAM_L._WARRICK
	DOC-28_1.2	0	ERMANNO_PASCUTTO
	DOC-29_1.1	0	JOHN_A._BOUDREAU
	DOC-30_1.1	0	EVERETT_MEYERS
	DOC-31_1.1	0	JAMES_E._BURT_III
	DOC-32_1.1	0	WILLIAM_KOHUT
	DOC-33_1.1	0	L_._L_._WHITE_JR.
	DOC-34_1.2	0	ROBERT_STEVEN_MORRIS
	DOC-35_1.1	0	SELIG_ZISES
	DOC-36_1.1	0	JOHN_P._INDA
	DOC-39_1.1	0	ROBERT_J._O'CONNER
	DOC-40_1.2	0	R.J._COMEAUX
	DOC-42_1.1	0	MARK_STEPHENS
	DOC-43_1.2	0	STAN_MERESMAN
	DOC-44_1.1	0	GINA_GREER
	DOC-46_1.1	0	DANIEL_R._OLVEY
	DOC-50_1.1	0	PAULINE_DORA
	DOC-52_1.2	0	WILLIAM_H._BORTEN
	DOC-53_1.2	0	JOHN_PLASTOW
	DOC-55_1.2	0	DAVID_BERMAN
	DOC-56_1.2	0	ALAN_D._RUBENDALL
	DOC-71_1.1	0	RICHARD_LANDERS
	DOC-72_1.4	3	GARY
	DOC-88_1.7	1	S._CRAIG_LINDNER
	DOC-95_1.2	0	JOHN_ANSDELL
	DOC-99_1.1	0	LES_CRANE
	DOC-101_1.2	0	PAUL_STERN
	DOC-128_1.2	0	ROBERT_L._WITT
	DOC-132_1.1	1	G_._G_._MICHELSON
	DOC-186_1.5	0	ROBERT_L._PURDUM
	DOC-191_1.1	5	JACK_HARPER
	DOC-201_1.1	3	ERNEST_SHARP
	DOC-219_1.3	0	WILLIAM_M._AGEE
	DOC-235_1.4	5	C._KENNEDY_ORR
	DOC-236_1.1	0	WILLIAM_CONWAY
	DOC-267_1.3	0	J._ROBERT_AVE
	DOC-292_1.2	0	THOMAS_H._LOVELL_JR.
	DOC-334_1.4	0	HARRY_KOHN_JR.
	DOC-378_1.2	0	KEVIN_O'DONNELL
	DOC-394_1.1	0	ANDREW_J._BROWN
	DOC-409_1.2	0	KENNETH_S._DALTON
	DOC-418_1.4	0	LEONARD_SPALDING
	DOC-454_1.2	5	SADAKANE_DOI
	DOC-473_1.2	0	J_._V_._WHITE
	DOC-494_1.1	0	JAMES_A._TAYLOR
	DOC-503_1.1	5	MARTIN_MAZNER
	DOC-534_1.3	3	NIGEL_B._CHRISTIE
	DOC-554_1.7	0	FREDERICK_A._WANG
	DOC-592_1.1	0	DELBERT_W._YOCAM
	DOC-594_1.4	1	THOMAS_A._SAUNDERS_III
	DOC-603_1.1	5	WILLIAM_F._MURDOCH
	DOC-615_1.1	3	YOSHI_FUJII
	DOC-659_1.4	0	HARRY_W._SHERMAN
	DOC-698_1.1	5	CHARLES_KOPPELMAN
	DOC-703_1.2	5	JOSEPH_M._SEGEL
	DOC-713_1.1	0	ALBERT_GANNAWAY
	DOC-715_1.2	5	KENNETH_NEWELL
	DOC-737_1.2	0	M._JAMES_BARRETT
	DOC-747_1.2	0	ROBERT_E._ANDERSON
	DOC-763_1.2	0	WILLIAM_O._BAILEY
	DOC-771_1.2	0	JOHN_C._CAPSHAW
	DOC-782_1.1	0	ASHLEY_BOONE
	DOC-791_1.1	0	CATHIE_SELLECK
	DOC-793_1.2	0	KEVIN_MELIA
	DOC-794_1.2	0	JAMES_B._HAYES
	DOC-795_1.2	0	WILLIAM_MYERS
	DOC-800_1.1	0	JAN_CARLZON
	DOC-821_1.2	0	NORMAN_WAYNE
	DOC-828_1.1	0	GEORGE_GOLD
Cluster 6
	DOC-4_1.1	0	SVANHOLM
	DOC-6_1.1	0	MARC_MORET
	DOC-7_1.1	0	BOARDMAN
	DOC-7_1.2	3	ALEXANDER
	DOC-14_1.2	0	JOSEPH
	DOC-15_1.2	0	ERNEST_C._GARCIA_II
	DOC-17_1.4	0	GIACOMO_PEDDE
	DOC-18_1.1	0	ALLEN_E._ROSENBERG
	DOC-21_1.1	0	ALAN_SYMONDS
	DOC-27_1.2	0	MARTHA_HESSE
	DOC-34_1.3	1	JACK_KENT_COOKE
	DOC-37_1.3	0	RICCIARDI
	DOC-38_1.1	0	GERSTNER
	DOC-41_1.2	0	ROBERTS
	DOC-45_1.5	0	WALTER_DIETZER
	DOC-47_1.1	3	CHECCHI
	DOC-48_1.1	0	OLSEN
	DOC-49_1.1	3	CHARLES_F._MARTIN_III
	DOC-51_1.3	0	GELB
	DOC-54_1.1	0	JOSHUA_LEDERBERG
	DOC-59_1.1	0	HIGGINS
	DOC-60_1.1	0	JACOBY
	DOC-64_1.2	0	JAMES_ROBINSON_III
	DOC-68_1.1	0	JAMES_ROBINSON_III
	DOC-72_1.3	1	WILBER
	DOC-74_1.4	0	ROLLWAGEN
	DOC-79_1.2	3	L._LAWRENCE_SLOAN
	DOC-82_1.3	3	STANLEY_S._ANDERS_III
	DOC-83_1.4	3	RICHARD_D._PROPPER
	DOC-85_1.3	0	STEVEN_J._ROSS
	DOC-87_1.1	3	AARON_SPELLING
	DOC-88_1.6	0	LINDNER
	DOC-95_1.3	1	DERMOT_MCDERMOTT
	DOC-114_1.2	5	RANDALL_TOBIAS
	DOC-116_1.1	3	PELSON
	DOC-118_1.4	0	PELSON
	DOC-127_1.4	5	ALAN_E._DENSEN
	DOC-130_1.1	3	RANDALL_TOBIAS
	DOC-132_1.3	0	GAULT
	DOC-133_1.4	1	RICHARD_K._EAMER
	DOC-135_1.4	0	CHARLES_LAZARUS
	DOC-149_1.3	0	KEIFFER
	DOC-150_1.2	0	KEIFFER
	DOC-167_1.1	3	SCHWEIZER
	DOC-176_1.1	0	GREENWALD
	DOC-178_1.3	0	MIKO_LEUNG
	DOC-184_1.3	0	OXENHORN
	DOC-189_1.4	0	RAMMLER
	DOC-192_1.3	0	JESSE_AWEIDA
	DOC-193_1.2	0	JOHN_ABERNATHY
	DOC-197_1.2	3	DAVID_C._JONES
	DOC-207_1.5	0	LESSIN
	DOC-212_1.4	0	GEORGE_A._JACKSON
	DOC-213_1.3	0	CAMPANELLA
	DOC-217_1.5	0	SAM_G._GRILLO
	DOC-225_1.4	0	HENRY_WENDT
	DOC-225_1.5	1	BECKMAN
	DOC-240_1.3	0	HARROLD
	DOC-248_1.1	5	J._MARSHALL_TETTERTON
	DOC-252_1.4	0	JOHN_V
	DOC-258_1.4	0	EDWIN_H._SHUTT_JR.
	DOC-261_1.2	0	GENE_H._BISHOP
	DOC-268_1.2	1	LAURENCE_TISCH
	DOC-270_1.1	0	ANDREW_TISCH
	DOC-278_1.4	0	JOSEPH_J._CAMPANELLA
	DOC-280_1.4	1	DALLAS_TALLEY
	DOC-284_1.1	0	KENNETH_J._LOREK
	DOC-285_1.5	0	EDWARD_D._HAMMER
	DOC-288_1.4	0	JOSEPH_A._VITANZA
	DOC-289_1.1	1	JOSEPH
	DOC-296_1.1	0	EDWIN_H._SHUTT_JR.
	DOC-303_1.3	0	MELVYN_DOBRIN
	DOC-312_1.1	0	ROBERTS
	DOC-318_1.2	0	R._LEE_JENKINS
	DOC-319_1.5	0	NERIO_NESI
	DOC-323_1.4	0	JAMES_B._GLAVIN
	DOC-326_1.5	0	ROBERT_E._LINTON
	DOC-327_1.2	3	JOHN_SHAD
	DOC-328_1.1	0	COX
	DOC-328_1.4	1	BREEDEN
	DOC-338_1.1	0	KENNETH_J._LOREK
	DOC-341_1.4	0	ROSENBERG
	DOC-343_1.3	0	MASAO_FUJIOKA
	DOC-347_1.3	0	HOLGERSON
	DOC-350_1.4	0	STEVENS
	DOC-355_1.4	3	SCHROEDER
	DOC-359_1.4	0	RICHARD_A._SHANTZ
	DOC-361_1.1	3	STEPHEN_K._CLOUGH
	DOC-373_1.3	5	JAMES_W._GIGGEY
	DOC-374_1.2	3	ARCHIE_W._DUNHAM
	DOC-375_1.1	0	DUNHAM
	DOC-376_1.4	0	LUFT
	DOC-380_1.1	5	CHRISTOPHER_LITTLE
	DOC-401_1.1	3	JAMES_M._LARGE_JR.
	DOC-404_1.3	0	CRESSWELL
	DOC-421_1.4	3	MASAHIRO_UCHIDA
	DOC-422_1.1	3	RAY_HEDDING
	DOC-423_1.5	1	ROBERT_BAUMAN
	DOC-425_1.1	3	GIAN_FULGONI
	DOC-428_1.3	0	GARY_WILBER
	DOC-433_1.3	0	LOUIS_H._WOLCOTT
	DOC-434_1.6	1	WOLCOTT
	DOC-446_1.4	3	GILBERT_H._LAMPHERE
	DOC-449_1.2	0	JOHN_A._FRANCO
	DOC-457_1.2	3	HOWARD_L._BLUM_JR.
	DOC-458_1.4	0	KOENIG
	DOC-461_1.2	3	RALPH_E._REINS
	DOC-467_1.2	3	JOHN_PADOVAN
	DOC-468_1.2	3	GRAHAM_PIMLOTT
	DOC-471_1.4	0	TAYLOR
	DOC-475_1.2	0	DAVID_M._HARROLD
	DOC-487_1.2	0	FRANK_ROBERTSON
	DOC-489_1.3	0	B._LEE_KARNS
	DOC-495_1.2	0	TAYLOR
	DOC-497_1.4	1	COOKE
	DOC-506_1.3	0	FRANK_JUNGERS
	DOC-514_1.3	0	JOHN_WEEMS
	DOC-517_1.3	0	HARRY_GEORGE
	DOC-521_1.4	2	WANG
	DOC-524_1.3	1	EDMOND_SAFRA
	DOC-530_1.1	0	ROLF_SKAR
	DOC-531_1.1	0	SKAR
	DOC-532_1.3	0	SKAR_._ANALYSTS
	DOC-539_1.5	0	DENTZ
	DOC-544_1.3	0	FRANCIS_BRYANT
	DOC-546_1.4	0	JOE_D._HEUSI
	DOC-548_1.4	5	ROBERT_H._GOLDSMITH
	DOC-549_1.2	0	GOLDSMITH
	DOC-554_1.6	3	MILLER
	DOC-565_1.4	3	FELIX_SANDMAN
	DOC-575_1.4	0	KENNETH_PESKIN
	DOC-582_1.4	0	TERRENCE_D._DANIELS
	DOC-589_1.3	0	ROBERT_H._NASSAU
	DOC-598_1.5	1	READER
	DOC-598_1.7	1	THOMAS_KENNEY
	DOC-605_1.2	0	DEWALT_H._ANKENY
	DOC-614_1.2	0	ARAI
	DOC-614_1.5	0	ARAI
	DOC-617_1.1	5	RON_BRANIFF
	DOC-619_1.4	1	CHECCHI
	DOC-622_1.2	0	STEVEN_ROTHMEIER
	DOC-623_1.4	1	ROTHMEIER
	DOC-624_1.4	1	ROTHMEIER
	DOC-629_1.2	3	BRADDOCK
	DOC-632_1.3	0	ROSEMARY_T._MCFADDEN
	DOC-647_1.2	0	MAURICE_SAATCHI
	DOC-650_1.4	5	RICHARD_SCHWARTZ
	DOC-656_1.3	0	WALTER_K._WEISEL
	DOC-657_1.3	0	WEISEL
	DOC-667_1.3	0	BEATRICE_COLEMAN
	DOC-668_1.1	0	ALAN_LESK
	DOC-670_1.3	0	LESK_._THE
	DOC-670_1.4	1	LESK
	DOC-672_1.4	0	RAYMOND_L._HIXSON
	DOC-675_1.3	3	GERD_KRICK
	DOC-678_1.2	0	FRANCO_REVIGLIO
	DOC-680_1.4	0	IRVING_AZOFF
	DOC-685_1.2	0	DAVID_A._ENTREKIN
	DOC-687_1.3	0	MCALPINE
	DOC-694_1.2	0	STEVEN_CHAO
	DOC-695_1.3	1	MURDOCH
	DOC-697_1.1	0	ROTH
	DOC-697_1.2	1	MURDOCH
	DOC-701_1.1	1	KOPPELMAN
	DOC-710_1.1	0	THOMAS_CASEY
	DOC-716_1.2	0	BRONCZEK
	DOC-722_1.3	0	ROBERT_S._STEVE_MILLER
	DOC-723_1.4	0	JOHN_AKERS
	DOC-724_1.1	1	AKERS
	DOC-725_1.4	0	LEE_A._IACOCCA
	DOC-726_1.3	5	ROBERT_EATON
	DOC-730_1.3	0	C._JOHN_SCHOOF_II
	DOC-739_1.3	0	DOMINIC_A._TARANTINO
	DOC-749_1.1	3	ALLAN_LAUFGRABEN
	DOC-769_1.2	0	GRAHAM
	DOC-774_1.3	0	GEORGE_KILMAIN
	DOC-778_1.1	5	JAMES_BURNS
	DOC-794_1.4	1	HAYES
	DOC-802_1.4	0	BALLARD
	DOC-803_1.4	0	MARK_L._HYLAND
	DOC-804_1.1	3	HYLAND
	DOC-808_1.1	0	PETER_UEBERROTH
	DOC-815_1.1	3	DOONER
	DOC-837_1.5	0	MARK_KASSIRER
Cluster 7
	DOC-1_1.2	1	AMERICAN_FINANCIAL_CORP.
	DOC-5_1.2	1	VOLVO
	DOC-35_1.2	2	INTEGRATED
	DOC-37_1.1	2	AMERICAN_EXPRESS
	DOC-51_1.1	1	BRISTOL-MYERS
	DOC-54_1.3	2	ROCKEFELLER
	DOC-58_1.1	1	SALOMON_INC.
	DOC-62_1.1	2	FARMERS_GROUP_INC.
	DOC-67_1.2	2	AMERICAN_EXPRESS
	DOC-68_1.2	2	AMERICAN_EXPRESS_CO.
	DOC-77_1.2	1	TIMES
	DOC-86_1.5	1	BLOCKBUSTER
	DOC-88_1.2	1	BLOCKBUSTER
	DOC-91_1.1	2	WSMP
	DOC-95_1.5	1	CUNARD_LEISURE
	DOC-97_1.3	2	CHRYSLER_CORP.
	DOC-97_1.5	2	IBM
	DOC-105_1.5	1	EUROPEAN_INFORMATION_SERVICES
	DOC-106_1.1	2	INFORMATION_RESOURCES
	DOC-109_1.2	2	CHRYSLER_CORP.
	DOC-113_1.5	2	AT&T
	DOC-114_1.3	2	AT&T
	DOC-115_1.2	2	AT&T
	DOC-116_1.2	2	AT&T
	DOC-117_1.2	1	AT&T
	DOC-118_1.2	2	AT&T
	DOC-119_1.4	1	AT&T
	DOC-120_1.3	2	AT&T
	DOC-121_1.2	1	AT&T
	DOC-122_1.3	2	AT&T
	DOC-122_1.4	1	NCR
	DOC-123_1.4	1	AT&T
	DOC-124_1.6	1	WANG
	DOC-125_1.2	2	PRIMERICA_CORP.
	DOC-132_1.2	1	GOODYEAR
	DOC-135_1.1	2	US_INC.
	DOC-139_1.1	1	PINNACLE
	DOC-142_1.2	2	DETROIT_EDISON
	DOC-146_1.1	1	ENVIROFIL
	DOC-154_1.1	2	CHICAGO_SUN-TIMES
	DOC-157_1.6	2	ALBEMARLE
	DOC-158_1.2	1	ETHYL
	DOC-177_1.2	2	UNITED
	DOC-182_1.2	2	FEDERATED
	DOC-185_1.1	2	ARMCO
	DOC-186_1.2	1	ARMCO
	DOC-189_1.1	2	MYCOGEN
	DOC-200_1.2	1	BANK_OF_YOKOHAMA
	DOC-201_1.2	2	GATEWAY
	DOC-203_1.2	1	DREXEL
	DOC-206_1.1	2	SMARTCARD_INTERNATIONAL_INC.
	DOC-207_1.2	2	SMARTCARD
	DOC-210_1.4	1	MEDALIST
	DOC-218_1.2	2	MORRISON_KNUDSEN
	DOC-219_1.4	2	MORRISON_KNUDSEN
	DOC-222_1.1	2	NEW_YORK_TIMES_CO.
	DOC-230_1.2	2	XETA
	DOC-234_1.4	2	WESTERN_GAS_MARKETING_LTD.
	DOC-244_1.1	1	WAGGONER
	DOC-246_1.1	2	COLUMBIA
	DOC-248_1.3	2	PEOPLES_BANK
	DOC-252_1.2	1	WINNEBAGO
	DOC-256_1.3	2	NABISCO
	DOC-257_1.1	1	NABISCO
	DOC-266_1.3	3	ANDREW_H._TISCH
	DOC-268_1.6	1	LOEWS
	DOC-276_1.2	2	NATIONAL_EDUCATION
	DOC-287_1.2	2	DREXEL
	DOC-288_1.2	2	DREXEL
	DOC-305_1.1	2	ARIZONA_COMMERCE_BANK
	DOC-313_1.2	2	ARBY
	DOC-316_1.3	2	NORTHWEST
	DOC-321_1.1	1	GENERAL_ELECTRIC_CO.
	DOC-321_1.2	2	KIDDER_,_PEABODY_&_CO.
	DOC-327_1.4	2	DREXEL
	DOC-331_1.2	2	PAR
	DOC-332_1.1	2	PAR
	DOC-339_1.2	2	AGENCY
	DOC-343_1.1	2	ASIAN_DEVELOPMENT_BANK
	DOC-349_1.1	2	OPTIONS_CLEARING_CORP.
	DOC-350_1.2	1	AMEX
	DOC-353_1.2	2	KELLOGG_CO.
	DOC-355_1.3	1	KELLOGG
	DOC-377_1.3	2	SIFCO
	DOC-379_1.4	2	NATIONAL_BROADCASTING_CO.
	DOC-380_1.4	1	NEWSWEEK
	DOC-381_1.1	1	NEWSWEEK
	DOC-382_1.6	2	NOMURA
	DOC-383_1.5	1	NOMURA
	DOC-411_1.3	2	AMERICAN_EXPRESS_TRAVEL_RELATED_SERVICES_CO.
	DOC-434_1.1	1	ROBESON_INDUSTRIES_CORP.
	DOC-434_1.5	1	MICRODYNE
	DOC-434_1.7	1	MICRODYNE
	DOC-438_1.4	2	NATIONAL_SOUTHWEST_CAPITAL_GROUP
	DOC-445_1.3	2	AVERY_INTERNATIONAL
	DOC-452_1.3	1	COLUMBIA
	DOC-467_1.1	2	BARCLAYS_DE_ZOETE_WEDD_LTD.
	DOC-470_1.2	1	G_._L_._HODSON_&_SON_INC.
	DOC-491_1.2	2	REUTERS
	DOC-492_1.4	1	REUTERS
	DOC-498_1.3	2	AMERICAN_EXPRESS_BANK_LTD.
	DOC-504_1.4	2	OVERNITE_TRANSPORTATION_CO.
	DOC-509_1.4	2	FLORIDA_POWER
	DOC-513_1.2	2	FIRESTONE
	DOC-521_1.1	2	WANG
	DOC-522_1.1	2	WANG
	DOC-523_1.1	2	AMERICAN_EXPRESS
	DOC-523_1.4	2	RJR
	DOC-525_1.4	2	RJR
	DOC-526_1.3	2	AMERICAN_EXPRESS
	DOC-533_1.4	1	ABBOTT
	DOC-534_1.2	1	GENERAL_ELECTRIC_CO.
	DOC-534_1.7	1	LONDON_M
	DOC-535_1.2	1	GE
	DOC-535_1.5	1	KIDDER
	DOC-539_1.3	2	ZAYRE
	DOC-545_1.3	2	MARYLAND_CASUALTY_CO.
	DOC-549_1.1	2	ROHR
	DOC-551_1.2	2	TELOS
	DOC-552_1.1	2	TELOS
	DOC-554_1.3	1	GENERAL_ELECTRIC_CO.
	DOC-564_1.2	2	DALE
	DOC-565_1.2	2	DALE
	DOC-565_1.5	1	VISHAY
	DOC-568_1.1	2	DWG_CORP.
	DOC-580_1.4	1	HEES
	DOC-588_1.3	1	FERRUZZI_ITALIA
	DOC-592_1.2	2	APPLE
	DOC-593_1.1	2	WANG
	DOC-594_1.3	2	MORGAN_STANLEY_&_CO.
	DOC-598_1.6	1	DIGEST
	DOC-599_1.1	2	STAN_WEST_MINING_CORP.
	DOC-604_1.2	2	SHAKARCHI
	DOC-624_1.2	2	NWA
	DOC-628_1.1	1	FARMERS
	DOC-637_1.3	2	OMNICOM_GROUP
	DOC-639_1.1	2	SOUTHMARK
	DOC-639_1.2	1	NATIONAL_HERITAGE
	DOC-646_1.3	2	ATLANTIC_RESEARCH_CORP.
	DOC-660_1.6	1	MANVILLE
	DOC-671_1.1	2	STAAR_SURGICAL_CO.
	DOC-680_1.1	1	WARNER_BROS.
	DOC-680_1.2	2	MCA
	DOC-686_1.1	2	MAGNA_INTERNATIONAL_INC.
	DOC-689_1.1	1	FOX
	DOC-692_1.3	2	FOX
	DOC-695_1.1	2	FOX
	DOC-696_1.1	2	FOX
	DOC-700_1.4	1	EMI
	DOC-720_1.1	2	IBM
	DOC-722_1.1	2	CHRYSLER
	DOC-726_1.1	2	CHRYSLER
	DOC-726_1.2	2	GENERAL_MOTORS_CORP.
	DOC-735_1.2	1	FIRST_FIDELITY
	DOC-736_1.3	1	J&J
	DOC-736_1.4	2	MCNEIL_PHARMACEUTICAL
	DOC-736_1.5	1	J&J
	DOC-744_1.1	1	WESTINGHOUSE
	DOC-754_1.1	2	AMERICAN_TELEPHONE_&_TELEGRAPH_CO.
	DOC-778_1.2	2	SYSTEMHOUSE
	DOC-784_1.1	2	MOTHERS_WORK
	DOC-788_1.1	2	REGAL
	DOC-792_1.1	2	SUN
	DOC-792_1.3	2	SUN
	DOC-802_1.1	2	ANESTHESIA
	DOC-806_1.1	1	ATLANTIC_RICHFIELD_CO.
	DOC-810_1.2	1	RLA_CO
	DOC-816_1.2	1	WPP_GROUP
	DOC-816_1.3	1	J._WALTER_THOMPSON
	DOC-822_1.2	2	PARAMOUNT
	DOC-824_1.2	1	VIACOM
	DOC-825_1.1	2	VIACOM
	DOC-826_1.1	2	PARAMOUNT
	DOC-826_1.2	2	PARAMOUNT
	DOC-830_1.1	2	WOOLWORTH
	DOC-832_1.1	2	WOOLWORTH
	DOC-833_1.2	2	WOOLWORTH
	DOC-837_1.6	1	BURNS_FRY
Cluster 8
	DOC-17_1.1	3	PAOLO_SAVONA
	DOC-26_1.1	0	PHILIP_T._WILBER
	DOC-36_1.2	1	PHYLLIS_INDA
	DOC-45_1.2	3	GEOFFREY_E._MEYER
	DOC-70_1.4	0	RICHARD_M._FURLAUD
	DOC-72_1.2	1	PHILIP_I._WILBER
	DOC-73_1.2	3	DAVID_L._KRIEGLE
	DOC-78_1.3	0	MORTON_MINT
	DOC-81_1.1	0	HENRY_GREEN
	DOC-82_1.1	0	HENRY_GREEN
	DOC-83_1.2	3	JEFFRY_M._PICOWER
	DOC-84_1.1	3	DIANE_CREEL
	DOC-89_1.2	0	CECIL_R._HASH
	DOC-90_1.1	5	RICHARD_F._HOWARD
	DOC-91_1.3	3	JAMES_C._RICHARDSON_JR.
	DOC-92_1.1	3	SIMON_KESWICK
	DOC-93_1.2	5	ALAN_CLEMENTS
	DOC-94_1.1	5	DAVID_GAWLER
	DOC-96_1.2	0	LEE_ABRAHAM
	DOC-98_1.1	3	BOB_LLOYD
	DOC-105_1.2	5	GEORGE_GARRICK
	DOC-106_1.3	5	MAGID_ABRAHAM
	DOC-110_1.2	3	LOUIS_V._GERSTNER_JR.
	DOC-111_1.2	0	JAMES_M._WELD
	DOC-115_1.1	3	VICTOR_PELSON
	DOC-117_1.1	3	WILLIAM_MARX
	DOC-121_1.1	3	ROBERT_M._KAVNER
	DOC-126_1.3	3	EDWARD_MEHRER
	DOC-131_1.2	3	STANLEY_GAULT
	DOC-134_1.1	0	LAWRENCE_GORDON
	DOC-139_1.3	3	J._GEORGE_HARRIS
	DOC-143_1.1	3	JOSEPH_SASSON
	DOC-143_1.3	3	JEFFREY_KLANSKY
	DOC-144_1.2	3	GARY_DE_LUCA
	DOC-146_1.3	3	DAVID_SUTHERLANDYOEST
	DOC-147_1.2	0	E._GENE_KEIFFER
	DOC-148_1.2	0	E._GENE_KEIFFER
	DOC-149_1.2	3	A._LOWELL_LAWSON
	DOC-158_1.1	3	THOMAS_E._GOTTWALD
	DOC-165_1.2	5	MICHAEL_A._ROCCA
	DOC-168_1.2	3	DANIEL_C._WAGNIERE
	DOC-172_1.3	0	FRANK_L._CHISHOLM
	DOC-173_1.2	3	JIM_GAGNARD
	DOC-174_1.1	3	DAVID_A._INGRASSIA
	DOC-177_1.1	0	STEPHEN_WOLF
	DOC-177_1.4	0	JOHN_POPE
	DOC-179_1.2	3	LI_KAM
	DOC-179_1.3	1	CHUNG
	DOC-180_1.2	0	GERALD_R._BLACKIE
	DOC-180_1.4	0	JON_R._ERICKSON
	DOC-180_1.6	0	KEVIN_P._RIEGELSBERGER
	DOC-180_1.7	1	TIMOTHY_J._MCMULLEN
	DOC-181_1.3	1	BRUCE_C._EDWARDS
	DOC-187_1.2	0	DONALD_B._DAHLIN
	DOC-188_1.2	0	DAVID_H._RAMMLER
	DOC-189_1.3	3	JERRY_D._CAULDER
	DOC-196_1.2	1	H._DAVID_BRIGHT
	DOC-204_1.2	5	JEAN_P._SMITH
	DOC-205_1.1	0	DAVID_WHELAN
	DOC-205_1.3	0	ELLIOT_H._WEIR_JR.
	DOC-206_1.3	0	ARLEN_R._LESSIN
	DOC-208_1.2	5	RICHARD_LOPATA
	DOC-211_1.1	0	GENE_E._PHILLIPS
	DOC-211_1.3	0	WILLIAM_S._FRIEDMAN
	DOC-222_1.3	3	JOHN_J._BENI
	DOC-223_1.1	0	SUSAN_BARON
	DOC-231_1.3	3	MITCHELL_GRAYE
	DOC-240_1.1	1	ARNOLD_C._POHS
	DOC-241_1.1	3	JOE_K._DONALD
	DOC-241_1.3	0	MARK_A._FULLER
	DOC-244_1.2	0	JOHN_R._WOLF
	DOC-245_1.3	0	LAWRENCE_K._FISH
	DOC-246_1.3	3	THOMAS_SPIEGEL
	DOC-246_1.4	0	ABRAHAM_SPIEGEL
	DOC-250_1.1	0	JOHN_V._HANSON
	DOC-251_1.2	0	JOHN_K._HANSON
	DOC-260_1.2	3	PETER_B._BARTHOLOW
	DOC-263_1.2	0	JOSE_E._MENENDEZ
	DOC-265_1.1	0	ROGER_R._SMITH
	DOC-270_1.3	3	HERBERT_C._HOFMANN
	DOC-271_1.1	0	ALAN_LIPSTEIN
	DOC-272_1.1	3	ROBERT_J._ZRADICKA
	DOC-274_1.3	5	JEROME_W._CWIERTNIA
	DOC-279_1.1	0	ROBERT_KENT_SCOTT
	DOC-282_1.2	0	PETER_C._SCHMITT
	DOC-285_1.3	0	VINCENT_T._GARRENTON_JR.
	DOC-292_1.1	3	BURTON_M._SIEGEL
	DOC-295_1.3	3	MARTIN_F_._C_._EMMETT
	DOC-299_1.1	3	DUSTIN_L._ALLRED
	DOC-302_1.1	0	IRVING_LUDMER
	DOC-307_1.1	0	DONALD_B._ANDERSON_JR.
	DOC-308_1.2	0	THOMAS_C._WEIR
	DOC-315_1.3	0	DOUG_MCRAE
	DOC-330_1.2	0	R.K._PATEL
	DOC-331_1.4	0	DILIP_P._SHAH
	DOC-332_1.3	0	PERRY_LEVINE
	DOC-335_1.3	3	RICHARD_M._GINSBURG
	DOC-345_1.1	3	RONALD_M._FREEMAN
	DOC-351_1.2	0	PHILIP_J._HICKEY_JR.
	DOC-357_1.1	3	LARS-ERIK_JOHANSSON
	DOC-365_1.2	0	JOHN_A._BRADLEY
	DOC-365_1.4	0	DAVID_A._HUFF
	DOC-366_1.2	3	MARK_L._PLAUMANN
	DOC-367_1.1	3	LARRY_LIEBENOW
	DOC-384_1.2	3	KATSUYA_TAKANASHI
	DOC-399_1.3	3	JAMES_MEEKISON
	DOC-412_1.1	3	STEVEN_W._ALESIO
	DOC-414_1.1	0	THOMAS_ONG
	DOC-414_1.3	0	MASON_TARKESHIAN
	DOC-419_1.1	0	JAMES_F._KOROWIN
	DOC-419_1.3	0	C._ROBERT_LEADBETTER
	DOC-424_1.2	2	SMITHKLINE_BEECHAM
	DOC-426_1.1	0	DOUG_MAZZA
	DOC-427_1.2	5	GARY_WILBER
	DOC-434_1.2	0	ROBERT_P._ADELMAN
	DOC-436_1.3	0	MERVIN_D._LUNG
	DOC-443_1.1	3	JEAN_B._CLIFTON
	DOC-450_1.1	0	MARTIN_H._RUBY
	DOC-452_1.1	3	MICHAEL_W._O'DONNELL
	DOC-464_1.1	0	PIERRE_LORTIE
	DOC-470_1.3	0	ROBERT_G._HODSON
	DOC-477_1.2	0	ROBERT_J._LUNDAY_JR.
	DOC-481_1.2	0	CHARLES_BATES
	DOC-490_1.2	0	MICHAEL_REUPKE
	DOC-500_1.1	3	ALBERT_M._BENEZRA
	DOC-510_1.3	0	ANDREW_G._HIGGINS
	DOC-516_1.1	0	FREDERIC_W._JACOBY
	DOC-517_1.1	3	DAVID_J._COLLARD
	DOC-519_1.1	3	JOHNSON
	DOC-520_1.1	0	FREDERICK_A._WANG
	DOC-520_1.5	1	AN_WANG
	DOC-522_1.3	0	JOHN_CUNNINGHAM
	DOC-523_1.3	5	LOUIS_V._GERSTNER_JR.
	DOC-524_1.1	0	HARRY_L._FREEMAN
	DOC-525_1.1	5	ROGER_SEMERAD
	DOC-528_1.1	0	DAVID_SHERWOOD
	DOC-529_1.1	0	DAVID_SHERWOOD
	DOC-533_1.2	0	JACK_W._SCHULER
	DOC-533_1.6	1	ROBERT_A._SCHOELLHORN
	DOC-538_1.2	0	JOHN_KEARNEY
	DOC-540_1.2	0	P._JOSHUA_BURKE
	DOC-541_1.2	0	RICHARD_L._PENFIL
	DOC-550_1.2	0	HOWARD_H._METCALFE
	DOC-554_1.8	1	AN_WANG
	DOC-556_1.2	0	STUART_K._MCWALTER
	DOC-557_1.2	5	JAMES_F._MCDONALD
	DOC-561_1.3	0	ARRIGO_BERNI
	DOC-563_1.2	0	PAUL_SANDERS
	DOC-566_1.3	0	PAUL_S._ECHENBERG
	DOC-568_1.3	0	LEONARD_H._ROBERTS
	DOC-573_1.2	3	ERNEST_S._BEREZ
	DOC-574_1.2	5	JOHN_L._PRESTON
	DOC-578_1.1	0	FREDERICK_WANG
	DOC-579_1.2	0	FRANCOIS-XAVIER_ORTOLI
	DOC-587_1.1	0	JOHN_O'BRIEN
	DOC-589_1.2	2	CILLUFFO_ASSOCIATES_L.P.
	DOC-593_1.3	0	FREDERICK_A._WANG
	DOC-593_1.4	1	AN_WANG
	DOC-596_1.1	1	ERIC_GLEACHER
	DOC-599_1.3	0	GEORGE_F._WARNOCK
	DOC-610_1.2	0	PHILIP_J._HICKEY_JR.
	DOC-613_1.1	3	HENRY_KESWICK
	DOC-614_1.1	3	KENJI_SHIMIZU
	DOC-618_1.1	0	JOHN_HORN
	DOC-619_1.1	0	WILLIAM_KUTZKE
	DOC-621_1.2	5	JAMES_CRONIN
	DOC-623_1.1	0	BENJAMIN_G._GRIGGS_JR.
	DOC-625_1.2	0	WILLIAM_G._SCHNEIDER_JR.
	DOC-626_1.3	1	JAMES_H._SHAW
	DOC-630_1.1	5	H_._J_._BROWNING
	DOC-631_1.2	3	JOHN_J._SHIELDS
	DOC-637_1.1	3	MIKE_RAWLINGS
	DOC-644_1.2	0	JAN_LESCHLY
	DOC-648_1.2	3	ROBERT_LOUIS-DREYFUS
	DOC-651_1.3	0	JOHN_R._CUNIN
	DOC-657_1.1	1	JOHN_J._WALLACE
	DOC-663_1.3	3	KENNETH_I._SAWYER
	DOC-667_1.1	3	ROBERT_A._BRAWER
	DOC-670_1.1	3	JAMES_MOGAN
	DOC-671_1.4	0	JOHN_R._WOLF
	DOC-673_1.3	0	ROBERT_S._EHRLICH
	DOC-674_1.1	0	LESLIE_I._SHAPIRO
	DOC-681_1.2	3	WILLIAM_P._KUEHN
	DOC-684_1.3	1	U_._S
	DOC-686_1.3	0	JAMES_MCALPINE
	DOC-695_1.2	0	JOE_ROTH
	DOC-696_1.2	3	PETER_CHERNIN
	DOC-708_1.1	5	LARRY_E._HARLEY
	DOC-709_1.2	0	BARRY_NELSEN
	DOC-714_1.2	5	DAVID_J._BRONCZEK
	DOC-718_1.1	0	JOEL_L._REED
	DOC-720_1.3	3	LOUIS_V._GERSTNER_JR.
	DOC-723_1.2	1	FRANK_METZ
	DOC-728_1.1	3	WILLIAM_J._NEWMAN
	DOC-733_1.2	3	KENNETH_H._THORN
	DOC-739_1.2	3	JAMES_L._MCDONALD
	DOC-742_1.2	0	MICHAEL_H._JORDAN
	DOC-743_1.2	0	PAUL_E._LEGO
	DOC-749_1.3	3	PETER_A._LEFT
	DOC-758_1.1	1	KARL
	DOC-762_1.1	3	DAVID_H._ELLIOTT
	DOC-766_1.2	0	KATHARINE_GRAHAM
	DOC-767_1.2	1	KATHARINE_GRAHAM
	DOC-770_1.2	3	WILLIAM_J._JOHNSON
	DOC-772_1.3	3	JOHN_P._WAREHAM
	DOC-773_1.3	3	JOHN_P._WAREHAM
	DOC-774_1.1	3	DENNIS_K._WILSON
	DOC-786_1.1	3	VANA_LONGWELL
	DOC-789_1.2	0	BRUCE_EDMONDSON
	DOC-792_1.2	3	MICHAEL_LEHMAN
	DOC-796_1.2	0	PATRICK_RICH
	DOC-797_1.1	3	PAT_DYER
	DOC-801_1.2	0	RICHARD_D._BALLARD
	DOC-801_1.4	0	TERRY_S._VITEZ
	DOC-802_1.3	3	RICHARD_L._JACKSON
	DOC-810_1.1	0	BARRY_SANDERS
	DOC-811_1.2	3	HECTOR_J._MOTRONI
	DOC-816_1.1	3	PETER_KIM
	DOC-822_1.1	0	ARTHUR_R._BARRON
	DOC-824_1.1	3	THOMAS_E._DOOLEY
	DOC-826_1.6	0	STANLEY_JAFFE
	DOC-827_1.3	3	STEVEN_SAMBERG
	DOC-829_1.1	0	DONALD_GOLD
	DOC-832_1.2	0	WILLIAM_K._LAVIN
	DOC-832_1.4	0	CHARLES_T._YOUNG
	DOC-836_1.2	3	DONALD_WRIGHT
Cluster 9
	DOC-37_1.2	3	ANDREW_B._SOMERS_JR.
	DOC-41_1.1	3	MURRAY_RIESE
	DOC-51_1.2	1	LESCHLY
	DOC-58_1.3	3	DENIS_A._BOVIN
	DOC-61_1.2	3	PHILIP_N._DUFF
	DOC-62_1.2	3	WILLIAM_H._BRADDOCK
	DOC-67_1.1	0	HOWARD_CLARK_SR_.
	DOC-74_1.2	3	JOHN_F._CARLSON
	DOC-86_1.2	3	H._WAYNE_HUIZENGA
	DOC-97_1.2	5	JEROME_YORK
	DOC-100_1.1	5	O._BRADFORD_BUTLER
	DOC-108_1.1	0	MITCHELL_E._KERTZMAN
	DOC-135_1.2	3	MICHAEL_GOLDSTEIN
	DOC-152_1.1	3	BRIAN_D._CULLEN
	DOC-154_1.2	3	BERNADETTE_SOENS
	DOC-161_1.1	3	DANA_MEAD
	DOC-162_1.4	3	DEAN_J._TRANTALIS
	DOC-166_1.1	3	ROLF_W._SCHWEIZER
	DOC-169_1.2	3	LEONARD_A._CAMPANARO
	DOC-185_1.2	3	JOHN_C._HALEY
	DOC-194_1.2	3	J_._W_._CWIERTNIA
	DOC-222_1.2	1	MCCALL
	DOC-231_1.1	3	GEORGE_HUGH
	DOC-234_1.2	3	CRAIG_FREW
	DOC-253_1.3	1	S_._I_._NEWHOUSE_JR.
	DOC-287_1.1	0	EDWIN_KANTOR
	DOC-289_1.2	3	HOWARD_M._BRENNER
	DOC-304_1.3	2	STEINBERG
	DOC-309_1.2	3	J._PATTERSON_COOPER
	DOC-311_1.1	3	IRVING_RIESE
	DOC-313_1.1	3	IRVING_RIESE
	DOC-317_1.1	3	DAVID_E._COLLINS
	DOC-318_1.1	3	COLLINS
	DOC-319_1.1	1	GUIDO_CARLI
	DOC-319_1.2	3	GIAMPIERO_CANTONI
	DOC-320_1.2	3	ARNOLD_E._SPANGLER
	DOC-321_1.3	3	LES_J._LIEBERMAN
	DOC-323_1.2	3	TIMOTHY_J._WOLLAEGER
	DOC-326_1.2	3	EDWIN_KANTOR
	DOC-328_1.3	0	DAVID_RUDER
	DOC-349_1.2	3	PAUL_STEVENS
	DOC-359_1.2	3	LAWRENCE_J._CAWLEY
	DOC-379_1.2	5	DURGIN
	DOC-381_1.3	3	ALAN_SPOON
	DOC-382_1.2	5	MAX_C._CHAPMAN_JR.
	DOC-393_1.2	3	MICHAEL_R._COOPER
	DOC-400_1.2	3	EDMUND_A._HAMBURGER
	DOC-415_1.2	3	WILLIAM_M._SMITH
	DOC-480_1.1	0	RONALD_BUFTON
	DOC-486_1.1	3	MICKEY_FORET
	DOC-489_1.2	3	W._JAMES_NICHOL
	DOC-492_1.2	3	NIGEL_JUDAH
	DOC-521_1.3	3	HARRY_H_._S_._CHOU
	DOC-532_1.1	3	ERIK_ENGEBRETSEN
	DOC-535_1.1	3	MICHAEL_CARPENTER
	DOC-543_1.2	5	JOHN_L._SEGALL
	DOC-552_1.2	3	PHIL_SCHAEFER
	DOC-553_1.1	3	LORENZO_TELLEZ
	DOC-586_1.2	3	GARY_INGERSOLL
	DOC-588_1.1	3	ROMANO_VENTURI
	DOC-590_1.2	5	IAN_W._DIERY
	DOC-602_1.2	3	CHARLES_J._URSTADT
	DOC-611_1.3	1	COOKER
	DOC-614_1.3	2	AMERICA_SUZUKI
	DOC-632_1.1	3	R._PATRICK_THOMPSON
	DOC-639_1.3	3	SHURTLEFF
	DOC-643_1.1	0	JOHN_M._RICHMAN
	DOC-643_1.4	1	WACHTELL_LIPTON
	DOC-671_1.2	0	THOMAS_R._WAGGONER
	DOC-689_1.2	3	LUCILLE_S._SALHANY
	DOC-692_1.2	0	BARRY_DILLER
	DOC-701_1.2	0	TERRI_SANTISI
	DOC-702_1.2	3	BARRY_DILLER
	DOC-724_1.4	0	PAUL_RIZZO
	DOC-727_1.1	0	STEFAN_ABRAMS
	DOC-744_1.3	3	LOUIS_V._GERSTNER_JR.
	DOC-746_1.2	3	JAMES_F._LYONS
	DOC-759_1.2	3	PAUL_HOMAN
	DOC-760_1.1	0	HOMAN
	DOC-776_1.2	3	PAUL_DAMP
	DOC-780_1.2	3	LARRY_GLEASON
	DOC-784_1.2	3	ROBERT_E._POLLOCK
	DOC-788_1.2	3	IVAN_INERFELD
	DOC-789_1.1	1	@PS[_FINANCIAL_OFFICER_]PS
	DOC-790_1.1	5	CHRIS_GREJTAK
	DOC-799_1.2	5	JAN_STENBERG
	DOC-803_1.2	3	R._WAYNE_DIESEL
	DOC-806_1.3	3	LODWRICK_M._COOK
	DOC-819_1.1	3	THOMAS_C._JONES
	DOC-826_1.4	0	MARTIN_DAVIS
	DOC-830_1.2	3	JOHN_W._ADAMS
	DOC-838_1.3	3	VERN_RABURN
Cluster 10
	DOC-9_1.1	3	SHIRLEY
	DOC-10_1.1	3	JANTZ
	DOC-12_1.1	3	PENNEY
	DOC-12_1.2	3	PENNEY
	DOC-13_1.1	3	WRIGHT
	DOC-15_1.1	3	JACQUETTE
	DOC-20_1.1	3	STEVENS
	DOC-22_1.1	3	DURGIN
	DOC-23_1.1	3	HOWARD_SMITH
	DOC-24_1.1	3	RAWLINS
	DOC-27_1.1	3	ALLDAY
	DOC-28_1.1	3	KOSSUTH
	DOC-34_1.1	3	AUGER
	DOC-40_1.1	3	JACK
	DOC-43_1.1	3	GOLDMAN
	DOC-52_1.1	3	SAVOCA
	DOC-53_1.1	3	RICHARD
	DOC-55_1.1	3	MILGRIM
	DOC-56_1.1	3	KUEHN
	DOC-61_1.3	0	GARONZIK
	DOC-63_1.1	0	SHIELDS
	DOC-69_1.4	1	ROBINSON
	DOC-70_1.3	1	ROBINSON
	DOC-80_1.1	0	MINT
	DOC-85_1.1	1	LEVIN
	DOC-95_1.1	3	GAWLER
	DOC-101_1.1	3	BUTLER
	DOC-102_1.1	0	STERN
	DOC-103_1.1	3	MONTY
	DOC-104_1.1	0	STERN
	DOC-107_1.1	3	ANDRESS
	DOC-113_1.1	1	ALLEN
	DOC-113_1.2	5	RICHARD_MILLER
	DOC-119_1.3	0	MANDL
	DOC-120_1.2	3	MANDL
	DOC-123_1.1	0	STEAD
	DOC-124_1.1	0	MILLER
	DOC-129_1.1	3	LEE
	DOC-133_1.1	3	JEFFREY_C._BARBAKOW
	DOC-138_1.2	0	GOLDSTEIN
	DOC-141_1.3	3	EARLEY
	DOC-150_1.1	3	LAWSON
	DOC-151_1.1	0	KEIFFER
	DOC-153_1.1	0	KEIFFER
	DOC-155_1.1	0	SOENS
	DOC-157_1.1	3	E._GARY_COOK
	DOC-163_1.1	0	WILLIAM_T._CRAIG
	DOC-164_1.1	3	LUCAS
	DOC-182_1.1	3	QUESTROM
	DOC-186_1.1	0	HALEY
	DOC-192_1.1	3	HARPER
	DOC-193_1.1	3	WETSTEIN
	DOC-195_1.1	3	CWIERTNIA
	DOC-196_1.1	0	CWIERTNIA
	DOC-197_1.1	0	BRIGHT
	DOC-203_1.1	0	CARIDI
	DOC-209_1.2	3	EDWARD_D._HOPKINS
	DOC-210_1.1	0	HOPKINS
	DOC-214_1.1	0	BILZERIAN
	DOC-216_1.1	3	BRUCE
	DOC-219_1.2	3	ADAMS
	DOC-220_1.1	0	ADAMS
	DOC-232_1.1	0	HUGH
	DOC-233_1.1	0	GRAYE
	DOC-235_1.1	5	FREW
	DOC-242_1.1	0	NICHOLS
	DOC-243_1.1	0	DONALD
	DOC-253_1.1	1	LIBERMAN
	DOC-253_1.4	0	DISNEY
	DOC-256_1.1	0	WRIGHT
	DOC-257_1.2	0	CHAPMAN
	DOC-258_1.1	3	EMMETT
	DOC-261_1.1	3	BARTHOLOW
	DOC-262_1.1	3	BARTHOLOW
	DOC-267_1.2	3	TISCH
	DOC-268_1.1	0	TISCH
	DOC-269_1.1	0	AVE
	DOC-275_1.1	0	CWIERTNIA
	DOC-277_1.1	0	BRIGHT
	DOC-278_1.1	0	DREXEL
	DOC-281_1.1	3	TALLEY
	DOC-283_1.1	0	SCHMITT
	DOC-286_1.1	3	FRANKINO
	DOC-288_1.1	1	KANTOR
	DOC-297_1.1	3	EMMETT
	DOC-298_1.1	3	BARD
	DOC-299_1.3	0	BARD
	DOC-301_1.1	3	BARD
	DOC-305_1.2	0	STEVEN_T._DARAK
	DOC-306_1.3	3	DARAK
	DOC-310_1.1	0	BOUYGUES
	DOC-322_1.1	0	LIEBERMAN
	DOC-324_1.1	0	GLAVIN
	DOC-325_1.1	0	WOLLAEGER
	DOC-327_1.1	0	LINTON
	DOC-329_1.1	3	COX
	DOC-334_1.1	5	ETTORE
	DOC-336_1.1	0	HOLT
	DOC-337_1.1	3	GINSBURG
	DOC-339_1.1	0	LOREK
	DOC-342_1.2	0	BUSH
	DOC-344_1.1	0	TARUMIZU
	DOC-354_1.1	3	SCHROEDER
	DOC-355_1.1	3	SCHROEDER
	DOC-356_1.1	3	SCHROEDER
	DOC-360_1.1	0	CAWLEY
	DOC-362_1.1	0	CLOUGH
	DOC-364_1.1	0	NAGY
	DOC-369_1.1	0	LIEBENOW
	DOC-372_1.1	3	EDGAR_S._WOOLARD_JR.
	DOC-373_1.1	3	PAPPAS
	DOC-374_1.1	0	PAPPAS
	DOC-378_1.1	3	GOTSCHALL
	DOC-380_1.5	1	DURGIN
	DOC-383_1.1	3	CHAPMAN
	DOC-385_1.2	0	CHAPMAN
	DOC-388_1.1	0	KEARNEY
	DOC-390_1.1	0	GLOVER
	DOC-391_1.1	0	SAINT-GEOURS
	DOC-392_1.1	3	FARGE
	DOC-395_1.1	0	COOPER
	DOC-397_1.1	0	KERICH
	DOC-405_1.1	3	CUATRECASAS
	DOC-406_1.1	0	CUATRECASAS
	DOC-409_1.1	3	BROWN
	DOC-410_1.1	0	DALTON
	DOC-413_1.1	0	ALESIO
	DOC-416_1.1	0	SMITH
	DOC-418_1.1	5	LINCOLN
	DOC-421_1.2	0	LEADBETTER
	DOC-421_1.3	0	LEADBETTER
	DOC-423_1.1	0	ANDRESS
	DOC-424_1.1	0	ANDRESS
	DOC-430_1.1	0	FIELD
	DOC-432_1.1	0	KOSSUTH
	DOC-436_1.2	3	LUNG
	DOC-438_1.1	0	TANNER
	DOC-440_1.1	0	WERTHEIMER
	DOC-442_1.1	0	JELENIC
	DOC-445_1.1	0	HURLEY
	DOC-446_1.1	0	VANOUREK
	DOC-454_1.1	3	DOZEN
	DOC-455_1.1	0	SIMMONS
	DOC-458_1.1	1	BLUM
	DOC-461_1.1	0	CURCIO
	DOC-462_1.1	0	MENELL
	DOC-466_1.1	0	BUSSIERES
	DOC-473_1.1	3	ROGERS
	DOC-474_1.1	0	ROGERS
	DOC-476_1.1	0	POHS
	DOC-479_1.1	0	GROBSTEIN
	DOC-488_1.1	0	ZAYADI
	DOC-491_1.1	0	REUPKE
	DOC-492_1.1	0	REUPKE
	DOC-496_1.1	0	HUGHES
	DOC-497_1.1	0	AUGER
	DOC-499_1.1	0	SAVAGE
	DOC-502_1.1	3	BRIGGS
	DOC-505_1.1	0	BOSWELL
	DOC-507_1.1	0	REECE
	DOC-515_1.1	0	ROMIG
	DOC-518_1.1	0	COLLARD
	DOC-527_1.1	3	PAPONE
	DOC-528_1.5	1	JAMES
	DOC-529_1.5	1	JAMES
	DOC-537_1.1	0	DENTZ
	DOC-542_1.1	0	PENFIL
	DOC-546_1.1	5	REPOLI
	DOC-562_1.1	0	MINOLI
	DOC-569_1.1	0	ROBERTS
	DOC-576_1.1	0	FUTTERMAN
	DOC-577_1.1	0	FUTTERMAN
	DOC-585_1.1	0	KAUFMAN
	DOC-591_1.1	3	DIERY
	DOC-595_1.1	0	SAUNDERS
	DOC-596_1.4	0	GARONZIK
	DOC-600_1.2	0	WARNOCK
	DOC-601_1.1	3	WARNOCK
	DOC-611_1.1	0	HORNBECK
	DOC-620_1.2	3	CHECCHI
	DOC-624_1.1	3	CHECCHI
	DOC-627_1.1	0	SHAW
	DOC-633_1.1	0	THOMPSON
	DOC-634_1.1	0	MCFADDEN
	DOC-635_1.3	3	THOMPSON
	DOC-641_1.1	0	MCLAUCHLAN
	DOC-645_1.1	3	LESCHLY
	DOC-649_1.1	0	LOUIS-DREYFUS
	DOC-652_1.4	0	CUNIN
	DOC-654_1.1	0	CUNIN
	DOC-655_1.1	0	LAMORE
	DOC-658_1.1	0	GASKIN
	DOC-659_1.3	3	JOHNSON
	DOC-662_1.1	0	MEADOR
	DOC-664_1.1	3	RICHARD_BUTLER
	DOC-665_1.1	0	HARRIS
	DOC-666_1.1	0	GAUBERT
	DOC-669_1.1	3	BRAWER
	DOC-675_1.1	0	EHRLICH
	DOC-682_1.3	0	RUBENDALL
	DOC-688_1.1	0	STRONACH
	DOC-691_1.1	3	MURDOCH
	DOC-692_1.1	3	MURDOCH
	DOC-693_1.1	0	DILLER
	DOC-694_1.1	1	MURDOCH
	DOC-700_1.1	0	GLASS
	DOC-703_1.1	3	DILLER
	DOC-704_1.1	0	DILLER
	DOC-705_1.1	3	DILLER
	DOC-705_1.3	0	SEGEL
	DOC-707_1.1	0	BARTLETT
	DOC-715_1.1	3	BRONCZEK
	DOC-719_1.2	3	JEROME_B._YORK
	DOC-721_1.1	0	YORK
	DOC-725_1.2	1	YORK
	DOC-729_1.5	0	NEWMAN
	DOC-736_1.1	0	CASEY
	DOC-737_1.1	3	CASEY
	DOC-738_1.1	3	BARRETT
	DOC-740_1.1	3	TARANTINO
	DOC-741_1.1	0	MCDONALD
	DOC-745_1.1	0	LEGO
	DOC-747_1.1	3	LYONS
	DOC-748_1.1	0	LYONS
	DOC-753_1.1	0	MILLER
	DOC-761_1.1	3	MARIO
	DOC-763_1.1	3	ELLIOTT
	DOC-764_1.1	0	BAILEY
	DOC-765_1.1	3	ELLIOTT
	DOC-768_1.1	3	GRAHAM
	DOC-771_1.1	3	JOHNSON
	DOC-777_1.1	0	DAMP
	DOC-779_1.1	0	SULLIVAN
	DOC-781_1.1	0	GLEASON
	DOC-785_1.1	0	POLLOCK
	DOC-787_1.1	0	LONGWELL
	DOC-793_1.1	3	LEHMAN
	DOC-794_1.1	1	ARNOLD
	DOC-795_1.1	3	MARTIN
	DOC-798_1.1	0	RICH
	DOC-805_1.1	0	DIESEL
	DOC-809_1.1	0	UEBERROTH
	DOC-812_1.1	0	VANNOY
	DOC-813_1.1	0	JAMES
	DOC-814_1.1	0	JAMES
	DOC-820_1.1	0	JONES
	DOC-821_1.1	3	JONES
	DOC-825_1.2	3	PHILIPPE_P._DAUMAN
	DOC-831_1.1	0	ADAMS
	DOC-833_1.1	0	LAVIN
	DOC-835_1.1	3	GLOVER
	DOC-837_1.1	5	WRIGHT
